<?xml version="1.0" encoding="UTF-8"?>
<!-- Generated by org.testng.reporters.JUnitXMLReporter -->
<testsuite hostname="LAPTOP-H8ACE30E" ignored="20" name="Regression Test two" tests="6" failures="0" timestamp="10 Dec 2020 05:35:12 GMT" time="52.994" errors="0">
  <testcase name="operationSearchBar" time="11.07" classname="testScenarios.UrbanLadder"/>
  <testcase name="operationCategoryMenu" time="9.552" classname="testScenarios.UrbanLadder"/>
  <testcase name="operationPriceSelect" time="2.166" classname="testScenarios.UrbanLadder"/>
  <testcase name="operationStorageSelect" time="7.275" classname="testScenarios.UrbanLadder"/>
  <testcase name="print" time="8.03" classname="testScenarios.UrbanLadder"/>
  <testcase name="studyChairSearch" time="3.919" classname="testScenarios.UrbanLadder"/>
  <testcase name="testcase_FillDetails" time="0.0" classname="testScenarios.UrbanLadder">
    <ignored/>
  </testcase> <!-- testcase_FillDetails -->
  <testcase name="testcase_clickGiftCards" time="0.0" classname="testScenarios.UrbanLadder">
    <ignored/>
  </testcase> <!-- testcase_clickGiftCards -->
  <testcase name="testcase_readExcelDataValid" time="0.0" classname="testScenarios.UrbanLadder">
    <ignored/>
  </testcase> <!-- testcase_readExcelDataValid -->
  <testcase name="ScreenShot" time="0.0" classname="testScenarios.UrbanLadder">
    <ignored/>
  </testcase> <!-- ScreenShot -->
  <testcase name="proceedToPayment" time="0.0" classname="testScenarios.UrbanLadder">
    <ignored/>
  </testcase> <!-- proceedToPayment -->
  <testcase name="testcase_FillValidDetails" time="0.0" classname="testScenarios.UrbanLadder">
    <ignored/>
  </testcase> <!-- testcase_FillValidDetails -->
  <testcase name="operationCategory" time="0.0" classname="testScenarios.UrbanLadder">
    <ignored/>
  </testcase> <!-- operationCategory -->
  <testcase name="toExcelWrite" time="0.0" classname="testScenarios.UrbanLadder">
    <ignored/>
  </testcase> <!-- toExcelWrite -->
  <testcase name="operationstock" time="0.0" classname="testScenarios.UrbanLadder">
    <ignored/>
  </testcase> <!-- operationstock -->
  <testcase name="testcase_selectGiftCards" time="0.0" classname="testScenarios.UrbanLadder">
    <ignored/>
  </testcase> <!-- testcase_selectGiftCards -->
  <testcase name="getBeingAtHomeCollections" time="0.0" classname="testScenarios.UrbanLadder">
    <ignored/>
  </testcase> <!-- getBeingAtHomeCollections -->
  <testcase name="operationPrice" time="0.0" classname="testScenarios.UrbanLadder">
    <ignored/>
  </testcase> <!-- operationPrice -->
  <testcase name="StudyChairprint" time="0.0" classname="testScenarios.UrbanLadder">
    <ignored/>
  </testcase> <!-- StudyChairprint -->
  <testcase name="operationSortBy" time="0.0" classname="testScenarios.UrbanLadder">
    <ignored/>
  </testcase> <!-- operationSortBy -->
  <testcase name="testcase_customiseGiftCard" time="0.0" classname="testScenarios.UrbanLadder">
    <ignored/>
  </testcase> <!-- testcase_customiseGiftCard -->
  <testcase name="operationSearch" time="0.0" classname="testScenarios.UrbanLadder">
    <ignored/>
  </testcase> <!-- operationSearch -->
  <testcase name="write_ErrorMessage" time="0.0" classname="testScenarios.UrbanLadder">
    <ignored/>
  </testcase> <!-- write_ErrorMessage -->
  <testcase name="errorMessage" time="0.0" classname="testScenarios.UrbanLadder">
    <ignored/>
  </testcase> <!-- errorMessage -->
  <testcase name="testCaseReadExl" time="0.0" classname="testScenarios.UrbanLadder">
    <ignored/>
  </testcase> <!-- testCaseReadExl -->
  <testcase name="operationStorage" time="0.0" classname="testScenarios.UrbanLadder">
    <ignored/>
  </testcase> <!-- operationStorage -->
</testsuite> <!-- Regression Test two -->
