<?xml version="1.0" encoding="UTF-8"?>
<!-- Generated by org.testng.reporters.JUnitXMLReporter -->
<testsuite hostname="LAPTOP-H8ACE30E" ignored="0" name="Smoke Test one" tests="26" failures="0" timestamp="10 Dec 2020 05:31:12 GMT" time="179.004" errors="0">
  <testcase name="operationSearchBar" time="11.328" classname="testScenarios.UrbanLadder"/>
  <testcase name="operationCategoryMenu" time="51.627" classname="testScenarios.UrbanLadder"/>
  <testcase name="operationPriceSelect" time="2.351" classname="testScenarios.UrbanLadder"/>
  <testcase name="operationStorageSelect" time="8.162" classname="testScenarios.UrbanLadder"/>
  <testcase name="print" time="12.087" classname="testScenarios.UrbanLadder"/>
  <testcase name="testCaseReadExl" time="0.182" classname="testScenarios.UrbanLadder"/>
  <testcase name="operationSearch" time="9.509" classname="testScenarios.UrbanLadder"/>
  <testcase name="operationCategory" time="5.939" classname="testScenarios.UrbanLadder"/>
  <testcase name="operationPrice" time="7.803" classname="testScenarios.UrbanLadder"/>
  <testcase name="operationStorage" time="5.718" classname="testScenarios.UrbanLadder"/>
  <testcase name="operationstock" time="8.854" classname="testScenarios.UrbanLadder"/>
  <testcase name="toExcelWrite" time="0.39" classname="testScenarios.UrbanLadder"/>
  <testcase name="getBeingAtHomeCollections" time="4.654" classname="testScenarios.UrbanLadder"/>
  <testcase name="testcase_clickGiftCards" time="7.354" classname="testScenarios.UrbanLadder"/>
  <testcase name="testcase_selectGiftCards" time="1.484" classname="testScenarios.UrbanLadder"/>
  <testcase name="testcase_customiseGiftCard" time="0.721" classname="testScenarios.UrbanLadder"/>
  <testcase name="testcase_FillDetails" time="5.257" classname="testScenarios.UrbanLadder"/>
  <testcase name="errorMessage" time="0.927" classname="testScenarios.UrbanLadder"/>
  <testcase name="write_ErrorMessage" time="0.099" classname="testScenarios.UrbanLadder"/>
  <testcase name="ScreenShot" time="0.817" classname="testScenarios.UrbanLadder"/>
  <testcase name="testcase_readExcelDataValid" time="0.07" classname="testScenarios.UrbanLadder"/>
  <testcase name="testcase_FillValidDetails" time="1.355" classname="testScenarios.UrbanLadder"/>
  <testcase name="proceedToPayment" time="9.178" classname="testScenarios.UrbanLadder"/>
  <testcase name="studyChairSearch" time="3.349" classname="testScenarios.UrbanLadder"/>
  <testcase name="operationSortBy" time="0.56" classname="testScenarios.UrbanLadder"/>
  <testcase name="StudyChairprint" time="8.042" classname="testScenarios.UrbanLadder"/>
</testsuite> <!-- Smoke Test one -->
