<?xml version="1.0" encoding="UTF-8"?>
<!-- Generated by org.testng.reporters.JUnitXMLReporter -->
<testsuite hostname="LAPTOP-H8ACE30E" ignored="0" name="Smoke Test two" tests="26" failures="0" timestamp="10 Dec 2020 05:33:22 GMT" time="128.902" errors="0">
  <testcase name="operationSearchBar" time="9.621" classname="testScenarios.UrbanLadder"/>
  <testcase name="operationCategoryMenu" time="1.059" classname="testScenarios.UrbanLadder"/>
  <testcase name="operationPriceSelect" time="1.946" classname="testScenarios.UrbanLadder"/>
  <testcase name="operationStorageSelect" time="7.68" classname="testScenarios.UrbanLadder"/>
  <testcase name="print" time="8.037" classname="testScenarios.UrbanLadder"/>
  <testcase name="testCaseReadExl" time="0.062" classname="testScenarios.UrbanLadder"/>
  <testcase name="operationSearch" time="8.67" classname="testScenarios.UrbanLadder"/>
  <testcase name="operationCategory" time="2.133" classname="testScenarios.UrbanLadder"/>
  <testcase name="operationPrice" time="7.344" classname="testScenarios.UrbanLadder"/>
  <testcase name="operationStorage" time="6.419" classname="testScenarios.UrbanLadder"/>
  <testcase name="operationstock" time="8.753" classname="testScenarios.UrbanLadder"/>
  <testcase name="toExcelWrite" time="0.376" classname="testScenarios.UrbanLadder"/>
  <testcase name="getBeingAtHomeCollections" time="3.851" classname="testScenarios.UrbanLadder"/>
  <testcase name="testcase_clickGiftCards" time="7.202" classname="testScenarios.UrbanLadder"/>
  <testcase name="testcase_selectGiftCards" time="1.158" classname="testScenarios.UrbanLadder"/>
  <testcase name="testcase_customiseGiftCard" time="0.568" classname="testScenarios.UrbanLadder"/>
  <testcase name="testcase_FillDetails" time="5.409" classname="testScenarios.UrbanLadder"/>
  <testcase name="errorMessage" time="0.945" classname="testScenarios.UrbanLadder"/>
  <testcase name="write_ErrorMessage" time="0.082" classname="testScenarios.UrbanLadder"/>
  <testcase name="ScreenShot" time="0.816" classname="testScenarios.UrbanLadder"/>
  <testcase name="testcase_readExcelDataValid" time="0.049" classname="testScenarios.UrbanLadder"/>
  <testcase name="testcase_FillValidDetails" time="1.276" classname="testScenarios.UrbanLadder"/>
  <testcase name="proceedToPayment" time="9.102" classname="testScenarios.UrbanLadder"/>
  <testcase name="studyChairSearch" time="12.428" classname="testScenarios.UrbanLadder"/>
  <testcase name="operationSortBy" time="0.515" classname="testScenarios.UrbanLadder"/>
  <testcase name="StudyChairprint" time="8.182" classname="testScenarios.UrbanLadder"/>
</testsuite> <!-- Smoke Test two -->
