<?xml version="1.0" encoding="UTF-8"?>
<testng-results skipped="66" failed="0" ignored="38" total="104" passed="0">
  <reporter-output>
  </reporter-output>
  <suite name="Functional Testing" duration-ms="85288" started-at="2020-12-09T16:09:08Z" finished-at="2020-12-09T16:10:33Z">
    <groups>
      <group name="Smoke Test two">
        <method signature="UrbanLadder.ScreenShot()[pri:20, instance:testScenarios.UrbanLadder@18eed359]" name="ScreenShot" class="testScenarios.UrbanLadder"/>
        <method signature="UrbanLadder.StudyChairprint(java.lang.String)[pri:26, instance:testScenarios.UrbanLadder@18eed359]" name="StudyChairprint" class="testScenarios.UrbanLadder"/>
        <method signature="UrbanLadder.errorMessage()[pri:18, instance:testScenarios.UrbanLadder@18eed359]" name="errorMessage" class="testScenarios.UrbanLadder"/>
        <method signature="UrbanLadder.getBeingAtHomeCollections(java.lang.String)[pri:13, instance:testScenarios.UrbanLadder@18eed359]" name="getBeingAtHomeCollections" class="testScenarios.UrbanLadder"/>
        <method signature="UrbanLadder.operationCategory()[pri:8, instance:testScenarios.UrbanLadder@18eed359]" name="operationCategory" class="testScenarios.UrbanLadder"/>
        <method signature="UrbanLadder.operationCategoryMenu()[pri:2, instance:testScenarios.UrbanLadder@18eed359]" name="operationCategoryMenu" class="testScenarios.UrbanLadder"/>
        <method signature="UrbanLadder.operationPrice()[pri:9, instance:testScenarios.UrbanLadder@18eed359]" name="operationPrice" class="testScenarios.UrbanLadder"/>
        <method signature="UrbanLadder.operationPriceSelect()[pri:3, instance:testScenarios.UrbanLadder@18eed359]" name="operationPriceSelect" class="testScenarios.UrbanLadder"/>
        <method signature="UrbanLadder.operationSearch()[pri:7, instance:testScenarios.UrbanLadder@18eed359]" name="operationSearch" class="testScenarios.UrbanLadder"/>
        <method signature="UrbanLadder.operationSearchBar()[pri:1, instance:testScenarios.UrbanLadder@18eed359]" name="operationSearchBar" class="testScenarios.UrbanLadder"/>
        <method signature="UrbanLadder.operationSortBy()[pri:25, instance:testScenarios.UrbanLadder@18eed359]" name="operationSortBy" class="testScenarios.UrbanLadder"/>
        <method signature="UrbanLadder.operationStorage()[pri:10, instance:testScenarios.UrbanLadder@18eed359]" name="operationStorage" class="testScenarios.UrbanLadder"/>
        <method signature="UrbanLadder.operationStorageSelect()[pri:4, instance:testScenarios.UrbanLadder@18eed359]" name="operationStorageSelect" class="testScenarios.UrbanLadder"/>
        <method signature="UrbanLadder.operationstock()[pri:11, instance:testScenarios.UrbanLadder@18eed359]" name="operationstock" class="testScenarios.UrbanLadder"/>
        <method signature="UrbanLadder.print(java.lang.String)[pri:5, instance:testScenarios.UrbanLadder@18eed359]" name="print" class="testScenarios.UrbanLadder"/>
        <method signature="UrbanLadder.proceedToPayment()[pri:23, instance:testScenarios.UrbanLadder@18eed359]" name="proceedToPayment" class="testScenarios.UrbanLadder"/>
        <method signature="UrbanLadder.studyChairSearch()[pri:24, instance:testScenarios.UrbanLadder@18eed359]" name="studyChairSearch" class="testScenarios.UrbanLadder"/>
        <method signature="UrbanLadder.testCaseReadExl()[pri:6, instance:testScenarios.UrbanLadder@18eed359]" name="testCaseReadExl" class="testScenarios.UrbanLadder"/>
        <method signature="UrbanLadder.testcase_FillDetails()[pri:17, instance:testScenarios.UrbanLadder@18eed359]" name="testcase_FillDetails" class="testScenarios.UrbanLadder"/>
        <method signature="UrbanLadder.testcase_FillValidDetails()[pri:22, instance:testScenarios.UrbanLadder@18eed359]" name="testcase_FillValidDetails" class="testScenarios.UrbanLadder"/>
        <method signature="UrbanLadder.testcase_clickGiftCards()[pri:14, instance:testScenarios.UrbanLadder@18eed359]" name="testcase_clickGiftCards" class="testScenarios.UrbanLadder"/>
        <method signature="UrbanLadder.testcase_customiseGiftCard()[pri:16, instance:testScenarios.UrbanLadder@18eed359]" name="testcase_customiseGiftCard" class="testScenarios.UrbanLadder"/>
        <method signature="UrbanLadder.testcase_readExcelDataValid()[pri:21, instance:testScenarios.UrbanLadder@18eed359]" name="testcase_readExcelDataValid" class="testScenarios.UrbanLadder"/>
        <method signature="UrbanLadder.testcase_selectGiftCards()[pri:15, instance:testScenarios.UrbanLadder@18eed359]" name="testcase_selectGiftCards" class="testScenarios.UrbanLadder"/>
        <method signature="UrbanLadder.toExcelWrite(java.lang.String)[pri:12, instance:testScenarios.UrbanLadder@18eed359]" name="toExcelWrite" class="testScenarios.UrbanLadder"/>
        <method signature="UrbanLadder.write_ErrorMessage(java.lang.String)[pri:19, instance:testScenarios.UrbanLadder@18eed359]" name="write_ErrorMessage" class="testScenarios.UrbanLadder"/>
        <method signature="UrbanLadder.ScreenShot()[pri:20, instance:testScenarios.UrbanLadder@627551fb]" name="ScreenShot" class="testScenarios.UrbanLadder"/>
        <method signature="UrbanLadder.StudyChairprint(java.lang.String)[pri:26, instance:testScenarios.UrbanLadder@627551fb]" name="StudyChairprint" class="testScenarios.UrbanLadder"/>
        <method signature="UrbanLadder.errorMessage()[pri:18, instance:testScenarios.UrbanLadder@627551fb]" name="errorMessage" class="testScenarios.UrbanLadder"/>
        <method signature="UrbanLadder.getBeingAtHomeCollections(java.lang.String)[pri:13, instance:testScenarios.UrbanLadder@627551fb]" name="getBeingAtHomeCollections" class="testScenarios.UrbanLadder"/>
        <method signature="UrbanLadder.operationCategory()[pri:8, instance:testScenarios.UrbanLadder@627551fb]" name="operationCategory" class="testScenarios.UrbanLadder"/>
        <method signature="UrbanLadder.operationCategoryMenu()[pri:2, instance:testScenarios.UrbanLadder@627551fb]" name="operationCategoryMenu" class="testScenarios.UrbanLadder"/>
        <method signature="UrbanLadder.operationPrice()[pri:9, instance:testScenarios.UrbanLadder@627551fb]" name="operationPrice" class="testScenarios.UrbanLadder"/>
        <method signature="UrbanLadder.operationPriceSelect()[pri:3, instance:testScenarios.UrbanLadder@627551fb]" name="operationPriceSelect" class="testScenarios.UrbanLadder"/>
        <method signature="UrbanLadder.operationSearch()[pri:7, instance:testScenarios.UrbanLadder@627551fb]" name="operationSearch" class="testScenarios.UrbanLadder"/>
        <method signature="UrbanLadder.operationSearchBar()[pri:1, instance:testScenarios.UrbanLadder@627551fb]" name="operationSearchBar" class="testScenarios.UrbanLadder"/>
        <method signature="UrbanLadder.operationSortBy()[pri:25, instance:testScenarios.UrbanLadder@627551fb]" name="operationSortBy" class="testScenarios.UrbanLadder"/>
        <method signature="UrbanLadder.operationStorage()[pri:10, instance:testScenarios.UrbanLadder@627551fb]" name="operationStorage" class="testScenarios.UrbanLadder"/>
        <method signature="UrbanLadder.operationStorageSelect()[pri:4, instance:testScenarios.UrbanLadder@627551fb]" name="operationStorageSelect" class="testScenarios.UrbanLadder"/>
        <method signature="UrbanLadder.operationstock()[pri:11, instance:testScenarios.UrbanLadder@627551fb]" name="operationstock" class="testScenarios.UrbanLadder"/>
        <method signature="UrbanLadder.print(java.lang.String)[pri:5, instance:testScenarios.UrbanLadder@627551fb]" name="print" class="testScenarios.UrbanLadder"/>
        <method signature="UrbanLadder.proceedToPayment()[pri:23, instance:testScenarios.UrbanLadder@627551fb]" name="proceedToPayment" class="testScenarios.UrbanLadder"/>
        <method signature="UrbanLadder.studyChairSearch()[pri:24, instance:testScenarios.UrbanLadder@627551fb]" name="studyChairSearch" class="testScenarios.UrbanLadder"/>
        <method signature="UrbanLadder.testCaseReadExl()[pri:6, instance:testScenarios.UrbanLadder@627551fb]" name="testCaseReadExl" class="testScenarios.UrbanLadder"/>
        <method signature="UrbanLadder.testcase_FillDetails()[pri:17, instance:testScenarios.UrbanLadder@627551fb]" name="testcase_FillDetails" class="testScenarios.UrbanLadder"/>
        <method signature="UrbanLadder.testcase_FillValidDetails()[pri:22, instance:testScenarios.UrbanLadder@627551fb]" name="testcase_FillValidDetails" class="testScenarios.UrbanLadder"/>
        <method signature="UrbanLadder.testcase_clickGiftCards()[pri:14, instance:testScenarios.UrbanLadder@627551fb]" name="testcase_clickGiftCards" class="testScenarios.UrbanLadder"/>
        <method signature="UrbanLadder.testcase_customiseGiftCard()[pri:16, instance:testScenarios.UrbanLadder@627551fb]" name="testcase_customiseGiftCard" class="testScenarios.UrbanLadder"/>
        <method signature="UrbanLadder.testcase_readExcelDataValid()[pri:21, instance:testScenarios.UrbanLadder@627551fb]" name="testcase_readExcelDataValid" class="testScenarios.UrbanLadder"/>
        <method signature="UrbanLadder.testcase_selectGiftCards()[pri:15, instance:testScenarios.UrbanLadder@627551fb]" name="testcase_selectGiftCards" class="testScenarios.UrbanLadder"/>
        <method signature="UrbanLadder.toExcelWrite(java.lang.String)[pri:12, instance:testScenarios.UrbanLadder@627551fb]" name="toExcelWrite" class="testScenarios.UrbanLadder"/>
        <method signature="UrbanLadder.write_ErrorMessage(java.lang.String)[pri:19, instance:testScenarios.UrbanLadder@627551fb]" name="write_ErrorMessage" class="testScenarios.UrbanLadder"/>
        <method signature="UrbanLadder.StudyChairprint(java.lang.String)[pri:26, instance:testScenarios.UrbanLadder@1dfe2924]" name="StudyChairprint" class="testScenarios.UrbanLadder"/>
        <method signature="UrbanLadder.operationCategoryMenu()[pri:2, instance:testScenarios.UrbanLadder@1dfe2924]" name="operationCategoryMenu" class="testScenarios.UrbanLadder"/>
        <method signature="UrbanLadder.operationPriceSelect()[pri:3, instance:testScenarios.UrbanLadder@1dfe2924]" name="operationPriceSelect" class="testScenarios.UrbanLadder"/>
        <method signature="UrbanLadder.operationSearchBar()[pri:1, instance:testScenarios.UrbanLadder@1dfe2924]" name="operationSearchBar" class="testScenarios.UrbanLadder"/>
        <method signature="UrbanLadder.operationSortBy()[pri:25, instance:testScenarios.UrbanLadder@1dfe2924]" name="operationSortBy" class="testScenarios.UrbanLadder"/>
        <method signature="UrbanLadder.operationStorageSelect()[pri:4, instance:testScenarios.UrbanLadder@1dfe2924]" name="operationStorageSelect" class="testScenarios.UrbanLadder"/>
        <method signature="UrbanLadder.print(java.lang.String)[pri:5, instance:testScenarios.UrbanLadder@1dfe2924]" name="print" class="testScenarios.UrbanLadder"/>
        <method signature="UrbanLadder.studyChairSearch()[pri:24, instance:testScenarios.UrbanLadder@1dfe2924]" name="studyChairSearch" class="testScenarios.UrbanLadder"/>
        <method signature="UrbanLadder.operationCategoryMenu()[pri:2, instance:testScenarios.UrbanLadder@49fc609f]" name="operationCategoryMenu" class="testScenarios.UrbanLadder"/>
        <method signature="UrbanLadder.operationPriceSelect()[pri:3, instance:testScenarios.UrbanLadder@49fc609f]" name="operationPriceSelect" class="testScenarios.UrbanLadder"/>
        <method signature="UrbanLadder.operationSearchBar()[pri:1, instance:testScenarios.UrbanLadder@49fc609f]" name="operationSearchBar" class="testScenarios.UrbanLadder"/>
        <method signature="UrbanLadder.operationStorageSelect()[pri:4, instance:testScenarios.UrbanLadder@49fc609f]" name="operationStorageSelect" class="testScenarios.UrbanLadder"/>
        <method signature="UrbanLadder.print(java.lang.String)[pri:5, instance:testScenarios.UrbanLadder@49fc609f]" name="print" class="testScenarios.UrbanLadder"/>
        <method signature="UrbanLadder.studyChairSearch()[pri:24, instance:testScenarios.UrbanLadder@49fc609f]" name="studyChairSearch" class="testScenarios.UrbanLadder"/>
      </group> <!-- Smoke Test two -->
      <group name="Regression Test two">
        <method signature="UrbanLadder.operationCategoryMenu()[pri:2, instance:testScenarios.UrbanLadder@18eed359]" name="operationCategoryMenu" class="testScenarios.UrbanLadder"/>
        <method signature="UrbanLadder.operationPriceSelect()[pri:3, instance:testScenarios.UrbanLadder@18eed359]" name="operationPriceSelect" class="testScenarios.UrbanLadder"/>
        <method signature="UrbanLadder.operationSearchBar()[pri:1, instance:testScenarios.UrbanLadder@18eed359]" name="operationSearchBar" class="testScenarios.UrbanLadder"/>
        <method signature="UrbanLadder.operationStorageSelect()[pri:4, instance:testScenarios.UrbanLadder@18eed359]" name="operationStorageSelect" class="testScenarios.UrbanLadder"/>
        <method signature="UrbanLadder.print(java.lang.String)[pri:5, instance:testScenarios.UrbanLadder@18eed359]" name="print" class="testScenarios.UrbanLadder"/>
        <method signature="UrbanLadder.studyChairSearch()[pri:24, instance:testScenarios.UrbanLadder@18eed359]" name="studyChairSearch" class="testScenarios.UrbanLadder"/>
        <method signature="UrbanLadder.operationCategoryMenu()[pri:2, instance:testScenarios.UrbanLadder@627551fb]" name="operationCategoryMenu" class="testScenarios.UrbanLadder"/>
        <method signature="UrbanLadder.operationPriceSelect()[pri:3, instance:testScenarios.UrbanLadder@627551fb]" name="operationPriceSelect" class="testScenarios.UrbanLadder"/>
        <method signature="UrbanLadder.operationSearchBar()[pri:1, instance:testScenarios.UrbanLadder@627551fb]" name="operationSearchBar" class="testScenarios.UrbanLadder"/>
        <method signature="UrbanLadder.operationStorageSelect()[pri:4, instance:testScenarios.UrbanLadder@627551fb]" name="operationStorageSelect" class="testScenarios.UrbanLadder"/>
        <method signature="UrbanLadder.print(java.lang.String)[pri:5, instance:testScenarios.UrbanLadder@627551fb]" name="print" class="testScenarios.UrbanLadder"/>
        <method signature="UrbanLadder.studyChairSearch()[pri:24, instance:testScenarios.UrbanLadder@627551fb]" name="studyChairSearch" class="testScenarios.UrbanLadder"/>
        <method signature="UrbanLadder.operationCategoryMenu()[pri:2, instance:testScenarios.UrbanLadder@1dfe2924]" name="operationCategoryMenu" class="testScenarios.UrbanLadder"/>
        <method signature="UrbanLadder.operationPriceSelect()[pri:3, instance:testScenarios.UrbanLadder@1dfe2924]" name="operationPriceSelect" class="testScenarios.UrbanLadder"/>
        <method signature="UrbanLadder.operationSearchBar()[pri:1, instance:testScenarios.UrbanLadder@1dfe2924]" name="operationSearchBar" class="testScenarios.UrbanLadder"/>
        <method signature="UrbanLadder.operationStorageSelect()[pri:4, instance:testScenarios.UrbanLadder@1dfe2924]" name="operationStorageSelect" class="testScenarios.UrbanLadder"/>
        <method signature="UrbanLadder.print(java.lang.String)[pri:5, instance:testScenarios.UrbanLadder@1dfe2924]" name="print" class="testScenarios.UrbanLadder"/>
        <method signature="UrbanLadder.studyChairSearch()[pri:24, instance:testScenarios.UrbanLadder@1dfe2924]" name="studyChairSearch" class="testScenarios.UrbanLadder"/>
        <method signature="UrbanLadder.operationCategoryMenu()[pri:2, instance:testScenarios.UrbanLadder@49fc609f]" name="operationCategoryMenu" class="testScenarios.UrbanLadder"/>
        <method signature="UrbanLadder.operationPriceSelect()[pri:3, instance:testScenarios.UrbanLadder@49fc609f]" name="operationPriceSelect" class="testScenarios.UrbanLadder"/>
        <method signature="UrbanLadder.operationSearchBar()[pri:1, instance:testScenarios.UrbanLadder@49fc609f]" name="operationSearchBar" class="testScenarios.UrbanLadder"/>
        <method signature="UrbanLadder.operationStorageSelect()[pri:4, instance:testScenarios.UrbanLadder@49fc609f]" name="operationStorageSelect" class="testScenarios.UrbanLadder"/>
        <method signature="UrbanLadder.print(java.lang.String)[pri:5, instance:testScenarios.UrbanLadder@49fc609f]" name="print" class="testScenarios.UrbanLadder"/>
        <method signature="UrbanLadder.studyChairSearch()[pri:24, instance:testScenarios.UrbanLadder@49fc609f]" name="studyChairSearch" class="testScenarios.UrbanLadder"/>
      </group> <!-- Regression Test two -->
      <group name="Smoke Test one">
        <method signature="UrbanLadder.ScreenShot()[pri:20, instance:testScenarios.UrbanLadder@18eed359]" name="ScreenShot" class="testScenarios.UrbanLadder"/>
        <method signature="UrbanLadder.StudyChairprint(java.lang.String)[pri:26, instance:testScenarios.UrbanLadder@18eed359]" name="StudyChairprint" class="testScenarios.UrbanLadder"/>
        <method signature="UrbanLadder.errorMessage()[pri:18, instance:testScenarios.UrbanLadder@18eed359]" name="errorMessage" class="testScenarios.UrbanLadder"/>
        <method signature="UrbanLadder.getBeingAtHomeCollections(java.lang.String)[pri:13, instance:testScenarios.UrbanLadder@18eed359]" name="getBeingAtHomeCollections" class="testScenarios.UrbanLadder"/>
        <method signature="UrbanLadder.operationCategory()[pri:8, instance:testScenarios.UrbanLadder@18eed359]" name="operationCategory" class="testScenarios.UrbanLadder"/>
        <method signature="UrbanLadder.operationCategoryMenu()[pri:2, instance:testScenarios.UrbanLadder@18eed359]" name="operationCategoryMenu" class="testScenarios.UrbanLadder"/>
        <method signature="UrbanLadder.operationPrice()[pri:9, instance:testScenarios.UrbanLadder@18eed359]" name="operationPrice" class="testScenarios.UrbanLadder"/>
        <method signature="UrbanLadder.operationPriceSelect()[pri:3, instance:testScenarios.UrbanLadder@18eed359]" name="operationPriceSelect" class="testScenarios.UrbanLadder"/>
        <method signature="UrbanLadder.operationSearch()[pri:7, instance:testScenarios.UrbanLadder@18eed359]" name="operationSearch" class="testScenarios.UrbanLadder"/>
        <method signature="UrbanLadder.operationSearchBar()[pri:1, instance:testScenarios.UrbanLadder@18eed359]" name="operationSearchBar" class="testScenarios.UrbanLadder"/>
        <method signature="UrbanLadder.operationSortBy()[pri:25, instance:testScenarios.UrbanLadder@18eed359]" name="operationSortBy" class="testScenarios.UrbanLadder"/>
        <method signature="UrbanLadder.operationStorage()[pri:10, instance:testScenarios.UrbanLadder@18eed359]" name="operationStorage" class="testScenarios.UrbanLadder"/>
        <method signature="UrbanLadder.operationStorageSelect()[pri:4, instance:testScenarios.UrbanLadder@18eed359]" name="operationStorageSelect" class="testScenarios.UrbanLadder"/>
        <method signature="UrbanLadder.operationstock()[pri:11, instance:testScenarios.UrbanLadder@18eed359]" name="operationstock" class="testScenarios.UrbanLadder"/>
        <method signature="UrbanLadder.print(java.lang.String)[pri:5, instance:testScenarios.UrbanLadder@18eed359]" name="print" class="testScenarios.UrbanLadder"/>
        <method signature="UrbanLadder.proceedToPayment()[pri:23, instance:testScenarios.UrbanLadder@18eed359]" name="proceedToPayment" class="testScenarios.UrbanLadder"/>
        <method signature="UrbanLadder.studyChairSearch()[pri:24, instance:testScenarios.UrbanLadder@18eed359]" name="studyChairSearch" class="testScenarios.UrbanLadder"/>
        <method signature="UrbanLadder.testCaseReadExl()[pri:6, instance:testScenarios.UrbanLadder@18eed359]" name="testCaseReadExl" class="testScenarios.UrbanLadder"/>
        <method signature="UrbanLadder.testcase_FillDetails()[pri:17, instance:testScenarios.UrbanLadder@18eed359]" name="testcase_FillDetails" class="testScenarios.UrbanLadder"/>
        <method signature="UrbanLadder.testcase_FillValidDetails()[pri:22, instance:testScenarios.UrbanLadder@18eed359]" name="testcase_FillValidDetails" class="testScenarios.UrbanLadder"/>
        <method signature="UrbanLadder.testcase_clickGiftCards()[pri:14, instance:testScenarios.UrbanLadder@18eed359]" name="testcase_clickGiftCards" class="testScenarios.UrbanLadder"/>
        <method signature="UrbanLadder.testcase_customiseGiftCard()[pri:16, instance:testScenarios.UrbanLadder@18eed359]" name="testcase_customiseGiftCard" class="testScenarios.UrbanLadder"/>
        <method signature="UrbanLadder.testcase_readExcelDataValid()[pri:21, instance:testScenarios.UrbanLadder@18eed359]" name="testcase_readExcelDataValid" class="testScenarios.UrbanLadder"/>
        <method signature="UrbanLadder.testcase_selectGiftCards()[pri:15, instance:testScenarios.UrbanLadder@18eed359]" name="testcase_selectGiftCards" class="testScenarios.UrbanLadder"/>
        <method signature="UrbanLadder.toExcelWrite(java.lang.String)[pri:12, instance:testScenarios.UrbanLadder@18eed359]" name="toExcelWrite" class="testScenarios.UrbanLadder"/>
        <method signature="UrbanLadder.write_ErrorMessage(java.lang.String)[pri:19, instance:testScenarios.UrbanLadder@18eed359]" name="write_ErrorMessage" class="testScenarios.UrbanLadder"/>
        <method signature="UrbanLadder.ScreenShot()[pri:20, instance:testScenarios.UrbanLadder@627551fb]" name="ScreenShot" class="testScenarios.UrbanLadder"/>
        <method signature="UrbanLadder.StudyChairprint(java.lang.String)[pri:26, instance:testScenarios.UrbanLadder@627551fb]" name="StudyChairprint" class="testScenarios.UrbanLadder"/>
        <method signature="UrbanLadder.errorMessage()[pri:18, instance:testScenarios.UrbanLadder@627551fb]" name="errorMessage" class="testScenarios.UrbanLadder"/>
        <method signature="UrbanLadder.getBeingAtHomeCollections(java.lang.String)[pri:13, instance:testScenarios.UrbanLadder@627551fb]" name="getBeingAtHomeCollections" class="testScenarios.UrbanLadder"/>
        <method signature="UrbanLadder.operationCategory()[pri:8, instance:testScenarios.UrbanLadder@627551fb]" name="operationCategory" class="testScenarios.UrbanLadder"/>
        <method signature="UrbanLadder.operationCategoryMenu()[pri:2, instance:testScenarios.UrbanLadder@627551fb]" name="operationCategoryMenu" class="testScenarios.UrbanLadder"/>
        <method signature="UrbanLadder.operationPrice()[pri:9, instance:testScenarios.UrbanLadder@627551fb]" name="operationPrice" class="testScenarios.UrbanLadder"/>
        <method signature="UrbanLadder.operationPriceSelect()[pri:3, instance:testScenarios.UrbanLadder@627551fb]" name="operationPriceSelect" class="testScenarios.UrbanLadder"/>
        <method signature="UrbanLadder.operationSearch()[pri:7, instance:testScenarios.UrbanLadder@627551fb]" name="operationSearch" class="testScenarios.UrbanLadder"/>
        <method signature="UrbanLadder.operationSearchBar()[pri:1, instance:testScenarios.UrbanLadder@627551fb]" name="operationSearchBar" class="testScenarios.UrbanLadder"/>
        <method signature="UrbanLadder.operationSortBy()[pri:25, instance:testScenarios.UrbanLadder@627551fb]" name="operationSortBy" class="testScenarios.UrbanLadder"/>
        <method signature="UrbanLadder.operationStorage()[pri:10, instance:testScenarios.UrbanLadder@627551fb]" name="operationStorage" class="testScenarios.UrbanLadder"/>
        <method signature="UrbanLadder.operationStorageSelect()[pri:4, instance:testScenarios.UrbanLadder@627551fb]" name="operationStorageSelect" class="testScenarios.UrbanLadder"/>
        <method signature="UrbanLadder.operationstock()[pri:11, instance:testScenarios.UrbanLadder@627551fb]" name="operationstock" class="testScenarios.UrbanLadder"/>
        <method signature="UrbanLadder.print(java.lang.String)[pri:5, instance:testScenarios.UrbanLadder@627551fb]" name="print" class="testScenarios.UrbanLadder"/>
        <method signature="UrbanLadder.proceedToPayment()[pri:23, instance:testScenarios.UrbanLadder@627551fb]" name="proceedToPayment" class="testScenarios.UrbanLadder"/>
        <method signature="UrbanLadder.studyChairSearch()[pri:24, instance:testScenarios.UrbanLadder@627551fb]" name="studyChairSearch" class="testScenarios.UrbanLadder"/>
        <method signature="UrbanLadder.testCaseReadExl()[pri:6, instance:testScenarios.UrbanLadder@627551fb]" name="testCaseReadExl" class="testScenarios.UrbanLadder"/>
        <method signature="UrbanLadder.testcase_FillDetails()[pri:17, instance:testScenarios.UrbanLadder@627551fb]" name="testcase_FillDetails" class="testScenarios.UrbanLadder"/>
        <method signature="UrbanLadder.testcase_FillValidDetails()[pri:22, instance:testScenarios.UrbanLadder@627551fb]" name="testcase_FillValidDetails" class="testScenarios.UrbanLadder"/>
        <method signature="UrbanLadder.testcase_clickGiftCards()[pri:14, instance:testScenarios.UrbanLadder@627551fb]" name="testcase_clickGiftCards" class="testScenarios.UrbanLadder"/>
        <method signature="UrbanLadder.testcase_customiseGiftCard()[pri:16, instance:testScenarios.UrbanLadder@627551fb]" name="testcase_customiseGiftCard" class="testScenarios.UrbanLadder"/>
        <method signature="UrbanLadder.testcase_readExcelDataValid()[pri:21, instance:testScenarios.UrbanLadder@627551fb]" name="testcase_readExcelDataValid" class="testScenarios.UrbanLadder"/>
        <method signature="UrbanLadder.testcase_selectGiftCards()[pri:15, instance:testScenarios.UrbanLadder@627551fb]" name="testcase_selectGiftCards" class="testScenarios.UrbanLadder"/>
        <method signature="UrbanLadder.toExcelWrite(java.lang.String)[pri:12, instance:testScenarios.UrbanLadder@627551fb]" name="toExcelWrite" class="testScenarios.UrbanLadder"/>
        <method signature="UrbanLadder.write_ErrorMessage(java.lang.String)[pri:19, instance:testScenarios.UrbanLadder@627551fb]" name="write_ErrorMessage" class="testScenarios.UrbanLadder"/>
        <method signature="UrbanLadder.StudyChairprint(java.lang.String)[pri:26, instance:testScenarios.UrbanLadder@1dfe2924]" name="StudyChairprint" class="testScenarios.UrbanLadder"/>
        <method signature="UrbanLadder.operationCategoryMenu()[pri:2, instance:testScenarios.UrbanLadder@1dfe2924]" name="operationCategoryMenu" class="testScenarios.UrbanLadder"/>
        <method signature="UrbanLadder.operationPriceSelect()[pri:3, instance:testScenarios.UrbanLadder@1dfe2924]" name="operationPriceSelect" class="testScenarios.UrbanLadder"/>
        <method signature="UrbanLadder.operationSearchBar()[pri:1, instance:testScenarios.UrbanLadder@1dfe2924]" name="operationSearchBar" class="testScenarios.UrbanLadder"/>
        <method signature="UrbanLadder.operationSortBy()[pri:25, instance:testScenarios.UrbanLadder@1dfe2924]" name="operationSortBy" class="testScenarios.UrbanLadder"/>
        <method signature="UrbanLadder.operationStorageSelect()[pri:4, instance:testScenarios.UrbanLadder@1dfe2924]" name="operationStorageSelect" class="testScenarios.UrbanLadder"/>
        <method signature="UrbanLadder.print(java.lang.String)[pri:5, instance:testScenarios.UrbanLadder@1dfe2924]" name="print" class="testScenarios.UrbanLadder"/>
        <method signature="UrbanLadder.studyChairSearch()[pri:24, instance:testScenarios.UrbanLadder@1dfe2924]" name="studyChairSearch" class="testScenarios.UrbanLadder"/>
        <method signature="UrbanLadder.operationCategoryMenu()[pri:2, instance:testScenarios.UrbanLadder@49fc609f]" name="operationCategoryMenu" class="testScenarios.UrbanLadder"/>
        <method signature="UrbanLadder.operationPriceSelect()[pri:3, instance:testScenarios.UrbanLadder@49fc609f]" name="operationPriceSelect" class="testScenarios.UrbanLadder"/>
        <method signature="UrbanLadder.operationSearchBar()[pri:1, instance:testScenarios.UrbanLadder@49fc609f]" name="operationSearchBar" class="testScenarios.UrbanLadder"/>
        <method signature="UrbanLadder.operationStorageSelect()[pri:4, instance:testScenarios.UrbanLadder@49fc609f]" name="operationStorageSelect" class="testScenarios.UrbanLadder"/>
        <method signature="UrbanLadder.print(java.lang.String)[pri:5, instance:testScenarios.UrbanLadder@49fc609f]" name="print" class="testScenarios.UrbanLadder"/>
        <method signature="UrbanLadder.studyChairSearch()[pri:24, instance:testScenarios.UrbanLadder@49fc609f]" name="studyChairSearch" class="testScenarios.UrbanLadder"/>
      </group> <!-- Smoke Test one -->
      <group name="Regression Test one">
        <method signature="UrbanLadder.StudyChairprint(java.lang.String)[pri:26, instance:testScenarios.UrbanLadder@18eed359]" name="StudyChairprint" class="testScenarios.UrbanLadder"/>
        <method signature="UrbanLadder.operationCategoryMenu()[pri:2, instance:testScenarios.UrbanLadder@18eed359]" name="operationCategoryMenu" class="testScenarios.UrbanLadder"/>
        <method signature="UrbanLadder.operationPriceSelect()[pri:3, instance:testScenarios.UrbanLadder@18eed359]" name="operationPriceSelect" class="testScenarios.UrbanLadder"/>
        <method signature="UrbanLadder.operationSearchBar()[pri:1, instance:testScenarios.UrbanLadder@18eed359]" name="operationSearchBar" class="testScenarios.UrbanLadder"/>
        <method signature="UrbanLadder.operationSortBy()[pri:25, instance:testScenarios.UrbanLadder@18eed359]" name="operationSortBy" class="testScenarios.UrbanLadder"/>
        <method signature="UrbanLadder.operationStorageSelect()[pri:4, instance:testScenarios.UrbanLadder@18eed359]" name="operationStorageSelect" class="testScenarios.UrbanLadder"/>
        <method signature="UrbanLadder.print(java.lang.String)[pri:5, instance:testScenarios.UrbanLadder@18eed359]" name="print" class="testScenarios.UrbanLadder"/>
        <method signature="UrbanLadder.studyChairSearch()[pri:24, instance:testScenarios.UrbanLadder@18eed359]" name="studyChairSearch" class="testScenarios.UrbanLadder"/>
        <method signature="UrbanLadder.StudyChairprint(java.lang.String)[pri:26, instance:testScenarios.UrbanLadder@627551fb]" name="StudyChairprint" class="testScenarios.UrbanLadder"/>
        <method signature="UrbanLadder.operationCategoryMenu()[pri:2, instance:testScenarios.UrbanLadder@627551fb]" name="operationCategoryMenu" class="testScenarios.UrbanLadder"/>
        <method signature="UrbanLadder.operationPriceSelect()[pri:3, instance:testScenarios.UrbanLadder@627551fb]" name="operationPriceSelect" class="testScenarios.UrbanLadder"/>
        <method signature="UrbanLadder.operationSearchBar()[pri:1, instance:testScenarios.UrbanLadder@627551fb]" name="operationSearchBar" class="testScenarios.UrbanLadder"/>
        <method signature="UrbanLadder.operationSortBy()[pri:25, instance:testScenarios.UrbanLadder@627551fb]" name="operationSortBy" class="testScenarios.UrbanLadder"/>
        <method signature="UrbanLadder.operationStorageSelect()[pri:4, instance:testScenarios.UrbanLadder@627551fb]" name="operationStorageSelect" class="testScenarios.UrbanLadder"/>
        <method signature="UrbanLadder.print(java.lang.String)[pri:5, instance:testScenarios.UrbanLadder@627551fb]" name="print" class="testScenarios.UrbanLadder"/>
        <method signature="UrbanLadder.studyChairSearch()[pri:24, instance:testScenarios.UrbanLadder@627551fb]" name="studyChairSearch" class="testScenarios.UrbanLadder"/>
        <method signature="UrbanLadder.StudyChairprint(java.lang.String)[pri:26, instance:testScenarios.UrbanLadder@1dfe2924]" name="StudyChairprint" class="testScenarios.UrbanLadder"/>
        <method signature="UrbanLadder.operationCategoryMenu()[pri:2, instance:testScenarios.UrbanLadder@1dfe2924]" name="operationCategoryMenu" class="testScenarios.UrbanLadder"/>
        <method signature="UrbanLadder.operationPriceSelect()[pri:3, instance:testScenarios.UrbanLadder@1dfe2924]" name="operationPriceSelect" class="testScenarios.UrbanLadder"/>
        <method signature="UrbanLadder.operationSearchBar()[pri:1, instance:testScenarios.UrbanLadder@1dfe2924]" name="operationSearchBar" class="testScenarios.UrbanLadder"/>
        <method signature="UrbanLadder.operationSortBy()[pri:25, instance:testScenarios.UrbanLadder@1dfe2924]" name="operationSortBy" class="testScenarios.UrbanLadder"/>
        <method signature="UrbanLadder.operationStorageSelect()[pri:4, instance:testScenarios.UrbanLadder@1dfe2924]" name="operationStorageSelect" class="testScenarios.UrbanLadder"/>
        <method signature="UrbanLadder.print(java.lang.String)[pri:5, instance:testScenarios.UrbanLadder@1dfe2924]" name="print" class="testScenarios.UrbanLadder"/>
        <method signature="UrbanLadder.studyChairSearch()[pri:24, instance:testScenarios.UrbanLadder@1dfe2924]" name="studyChairSearch" class="testScenarios.UrbanLadder"/>
        <method signature="UrbanLadder.operationCategoryMenu()[pri:2, instance:testScenarios.UrbanLadder@49fc609f]" name="operationCategoryMenu" class="testScenarios.UrbanLadder"/>
        <method signature="UrbanLadder.operationPriceSelect()[pri:3, instance:testScenarios.UrbanLadder@49fc609f]" name="operationPriceSelect" class="testScenarios.UrbanLadder"/>
        <method signature="UrbanLadder.operationSearchBar()[pri:1, instance:testScenarios.UrbanLadder@49fc609f]" name="operationSearchBar" class="testScenarios.UrbanLadder"/>
        <method signature="UrbanLadder.operationStorageSelect()[pri:4, instance:testScenarios.UrbanLadder@49fc609f]" name="operationStorageSelect" class="testScenarios.UrbanLadder"/>
        <method signature="UrbanLadder.print(java.lang.String)[pri:5, instance:testScenarios.UrbanLadder@49fc609f]" name="print" class="testScenarios.UrbanLadder"/>
        <method signature="UrbanLadder.studyChairSearch()[pri:24, instance:testScenarios.UrbanLadder@49fc609f]" name="studyChairSearch" class="testScenarios.UrbanLadder"/>
      </group> <!-- Regression Test one -->
    </groups>
    <test name="Smoke Test one" duration-ms="21900" started-at="2020-12-09T16:09:08Z" finished-at="2020-12-09T16:09:29Z">
      <class name="testScenarios.UrbanLadder">
        <test-method status="FAIL" signature="driverConfig(java.lang.String)[pri:0, instance:testScenarios.UrbanLadder@18eed359]" name="driverConfig" is-config="true" duration-ms="21779" started-at="2020-12-09T16:09:08Z" finished-at="2020-12-09T16:09:29Z">
          <params>
            <param index="0">
              <value>
                <![CDATA[chrome]]>
              </value>
            </param>
          </params>
          <exception class="org.openqa.selenium.remote.UnreachableBrowserException">
            <message>
              <![CDATA[Could not start a new session. Possible causes are invalid address of the remote server or browser start-up failure.
Build info: version: '3.141.59', revision: 'e82be7d358', time: '2018-11-14T08:17:03'
System info: host: 'LAPTOP-H8ACE30E', ip: '192.168.1.49', os.name: 'Windows 10', os.arch: 'amd64', os.version: '10.0', java.version: '1.8.0_261'
Driver info: driver.version: RemoteWebDriver]]>
            </message>
            <full-stacktrace>
              <![CDATA[org.openqa.selenium.remote.UnreachableBrowserException: Could not start a new session. Possible causes are invalid address of the remote server or browser start-up failure.
Build info: version: '3.141.59', revision: 'e82be7d358', time: '2018-11-14T08:17:03'
System info: host: 'LAPTOP-H8ACE30E', ip: '192.168.1.49', os.name: 'Windows 10', os.arch: 'amd64', os.version: '10.0', java.version: '1.8.0_261'
Driver info: driver.version: RemoteWebDriver
at org.openqa.selenium.remote.RemoteWebDriver.execute(RemoteWebDriver.java:573)
at org.openqa.selenium.remote.RemoteWebDriver.startSession(RemoteWebDriver.java:213)
at org.openqa.selenium.remote.RemoteWebDriver.<init>(RemoteWebDriver.java:131)
at org.openqa.selenium.remote.RemoteWebDriver.<init>(RemoteWebDriver.java:144)
at userDefinedLibraries.DriverSetup.driverInstantiate(DriverSetup.java:56)
at testScenarios.UrbanLadder.driverConfig(UrbanLadder.java:74)
at sun.reflect.NativeMethodAccessorImpl.invoke0(Native Method)
at sun.reflect.NativeMethodAccessorImpl.invoke(Unknown Source)
at sun.reflect.DelegatingMethodAccessorImpl.invoke(Unknown Source)
at java.lang.reflect.Method.invoke(Unknown Source)
at org.testng.internal.MethodInvocationHelper.invokeMethod(MethodInvocationHelper.java:124)
at org.testng.internal.MethodInvocationHelper.invokeMethodConsideringTimeout(MethodInvocationHelper.java:59)
at org.testng.internal.Invoker.invokeConfigurationMethod(Invoker.java:458)
at org.testng.internal.Invoker.invokeConfigurations(Invoker.java:222)
at org.testng.internal.Invoker.invokeConfigurations(Invoker.java:142)
at org.testng.internal.TestMethodWorker.invokeBeforeClassMethods(TestMethodWorker.java:168)
at org.testng.internal.TestMethodWorker.run(TestMethodWorker.java:105)
at org.testng.TestRunner.privateRun(TestRunner.java:648)
at org.testng.TestRunner.run(TestRunner.java:505)
at org.testng.SuiteRunner.runTest(SuiteRunner.java:455)
at org.testng.SuiteRunner.runSequentially(SuiteRunner.java:450)
at org.testng.SuiteRunner.privateRun(SuiteRunner.java:415)
at org.testng.SuiteRunner.run(SuiteRunner.java:364)
at org.testng.SuiteRunnerWorker.runSuite(SuiteRunnerWorker.java:52)
at org.testng.SuiteRunnerWorker.run(SuiteRunnerWorker.java:84)
at org.testng.TestNG.runSuitesSequentially(TestNG.java:1208)
at org.testng.TestNG.runSuitesLocally(TestNG.java:1137)
at org.testng.TestNG.runSuites(TestNG.java:1049)
at org.testng.TestNG.run(TestNG.java:1017)
at org.testng.remote.AbstractRemoteTestNG.run(AbstractRemoteTestNG.java:114)
at org.testng.remote.RemoteTestNG.initAndRun(RemoteTestNG.java:251)
at org.testng.remote.RemoteTestNG.main(RemoteTestNG.java:77)
Caused by: java.net.ConnectException: Failed to connect to /192.168.1.47:5555
at okhttp3.internal.connection.RealConnection.connectSocket(RealConnection.java:247)
at okhttp3.internal.connection.RealConnection.connect(RealConnection.java:165)
at okhttp3.internal.connection.StreamAllocation.findConnection(StreamAllocation.java:257)
at okhttp3.internal.connection.StreamAllocation.findHealthyConnection(StreamAllocation.java:135)
at okhttp3.internal.connection.StreamAllocation.newStream(StreamAllocation.java:114)
at okhttp3.internal.connection.ConnectInterceptor.intercept(ConnectInterceptor.java:42)
at okhttp3.internal.http.RealInterceptorChain.proceed(RealInterceptorChain.java:147)
at okhttp3.internal.http.RealInterceptorChain.proceed(RealInterceptorChain.java:121)
at okhttp3.internal.cache.CacheInterceptor.intercept(CacheInterceptor.java:93)
at okhttp3.internal.http.RealInterceptorChain.proceed(RealInterceptorChain.java:147)
at okhttp3.internal.http.RealInterceptorChain.proceed(RealInterceptorChain.java:121)
at okhttp3.internal.http.BridgeInterceptor.intercept(BridgeInterceptor.java:93)
at okhttp3.internal.http.RealInterceptorChain.proceed(RealInterceptorChain.java:147)
at okhttp3.internal.http.RetryAndFollowUpInterceptor.intercept(RetryAndFollowUpInterceptor.java:126)
at okhttp3.internal.http.RealInterceptorChain.proceed(RealInterceptorChain.java:147)
at okhttp3.internal.http.RealInterceptorChain.proceed(RealInterceptorChain.java:121)
at okhttp3.RealCall.getResponseWithInterceptorChain(RealCall.java:200)
at okhttp3.RealCall.execute(RealCall.java:77)
at org.openqa.selenium.remote.internal.OkHttpClient.execute(OkHttpClient.java:103)
at org.openqa.selenium.remote.ProtocolHandshake.createSession(ProtocolHandshake.java:105)
at org.openqa.selenium.remote.ProtocolHandshake.createSession(ProtocolHandshake.java:74)
at org.openqa.selenium.remote.HttpCommandExecutor.execute(HttpCommandExecutor.java:136)
at org.openqa.selenium.remote.RemoteWebDriver.execute(RemoteWebDriver.java:552)
... 31 more
Caused by: java.net.ConnectException: Connection timed out: connect
at java.net.DualStackPlainSocketImpl.waitForConnect(Native Method)
at java.net.DualStackPlainSocketImpl.socketConnect(Unknown Source)
at java.net.AbstractPlainSocketImpl.doConnect(Unknown Source)
at java.net.AbstractPlainSocketImpl.connectToAddress(Unknown Source)
at java.net.AbstractPlainSocketImpl.connect(Unknown Source)
at java.net.PlainSocketImpl.connect(Unknown Source)
at java.net.SocksSocketImpl.connect(Unknown Source)
at java.net.Socket.connect(Unknown Source)
at okhttp3.internal.platform.Platform.connectSocket(Platform.java:129)
at okhttp3.internal.connection.RealConnection.connectSocket(RealConnection.java:245)
... 53 more
]]>
            </full-stacktrace>
          </exception> <!-- org.openqa.selenium.remote.UnreachableBrowserException -->
          <reporter-output>
          </reporter-output>
        </test-method> <!-- driverConfig -->
        <test-method status="SKIP" signature="operationSearchBar()[pri:1, instance:testScenarios.UrbanLadder@18eed359]" name="operationSearchBar" duration-ms="0" started-at="2020-12-09T16:09:29Z" finished-at="2020-12-09T16:09:29Z">
          <exception class="org.openqa.selenium.remote.UnreachableBrowserException">
            <message>
              <![CDATA[Could not start a new session. Possible causes are invalid address of the remote server or browser start-up failure.
Build info: version: '3.141.59', revision: 'e82be7d358', time: '2018-11-14T08:17:03'
System info: host: 'LAPTOP-H8ACE30E', ip: '192.168.1.49', os.name: 'Windows 10', os.arch: 'amd64', os.version: '10.0', java.version: '1.8.0_261'
Driver info: driver.version: RemoteWebDriver]]>
            </message>
            <full-stacktrace>
              <![CDATA[org.openqa.selenium.remote.UnreachableBrowserException: Could not start a new session. Possible causes are invalid address of the remote server or browser start-up failure.
Build info: version: '3.141.59', revision: 'e82be7d358', time: '2018-11-14T08:17:03'
System info: host: 'LAPTOP-H8ACE30E', ip: '192.168.1.49', os.name: 'Windows 10', os.arch: 'amd64', os.version: '10.0', java.version: '1.8.0_261'
Driver info: driver.version: RemoteWebDriver
at org.openqa.selenium.remote.RemoteWebDriver.execute(RemoteWebDriver.java:573)
at org.openqa.selenium.remote.RemoteWebDriver.startSession(RemoteWebDriver.java:213)
at org.openqa.selenium.remote.RemoteWebDriver.<init>(RemoteWebDriver.java:131)
at org.openqa.selenium.remote.RemoteWebDriver.<init>(RemoteWebDriver.java:144)
at userDefinedLibraries.DriverSetup.driverInstantiate(DriverSetup.java:56)
at testScenarios.UrbanLadder.driverConfig(UrbanLadder.java:74)
at sun.reflect.NativeMethodAccessorImpl.invoke0(Native Method)
at sun.reflect.NativeMethodAccessorImpl.invoke(Unknown Source)
at sun.reflect.DelegatingMethodAccessorImpl.invoke(Unknown Source)
at java.lang.reflect.Method.invoke(Unknown Source)
at org.testng.internal.MethodInvocationHelper.invokeMethod(MethodInvocationHelper.java:124)
at org.testng.internal.MethodInvocationHelper.invokeMethodConsideringTimeout(MethodInvocationHelper.java:59)
at org.testng.internal.Invoker.invokeConfigurationMethod(Invoker.java:458)
at org.testng.internal.Invoker.invokeConfigurations(Invoker.java:222)
at org.testng.internal.Invoker.invokeConfigurations(Invoker.java:142)
at org.testng.internal.TestMethodWorker.invokeBeforeClassMethods(TestMethodWorker.java:168)
at org.testng.internal.TestMethodWorker.run(TestMethodWorker.java:105)
at org.testng.TestRunner.privateRun(TestRunner.java:648)
at org.testng.TestRunner.run(TestRunner.java:505)
at org.testng.SuiteRunner.runTest(SuiteRunner.java:455)
at org.testng.SuiteRunner.runSequentially(SuiteRunner.java:450)
at org.testng.SuiteRunner.privateRun(SuiteRunner.java:415)
at org.testng.SuiteRunner.run(SuiteRunner.java:364)
at org.testng.SuiteRunnerWorker.runSuite(SuiteRunnerWorker.java:52)
at org.testng.SuiteRunnerWorker.run(SuiteRunnerWorker.java:84)
at org.testng.TestNG.runSuitesSequentially(TestNG.java:1208)
at org.testng.TestNG.runSuitesLocally(TestNG.java:1137)
at org.testng.TestNG.runSuites(TestNG.java:1049)
at org.testng.TestNG.run(TestNG.java:1017)
at org.testng.remote.AbstractRemoteTestNG.run(AbstractRemoteTestNG.java:114)
at org.testng.remote.RemoteTestNG.initAndRun(RemoteTestNG.java:251)
at org.testng.remote.RemoteTestNG.main(RemoteTestNG.java:77)
Caused by: java.net.ConnectException: Failed to connect to /192.168.1.47:5555
at okhttp3.internal.connection.RealConnection.connectSocket(RealConnection.java:247)
at okhttp3.internal.connection.RealConnection.connect(RealConnection.java:165)
at okhttp3.internal.connection.StreamAllocation.findConnection(StreamAllocation.java:257)
at okhttp3.internal.connection.StreamAllocation.findHealthyConnection(StreamAllocation.java:135)
at okhttp3.internal.connection.StreamAllocation.newStream(StreamAllocation.java:114)
at okhttp3.internal.connection.ConnectInterceptor.intercept(ConnectInterceptor.java:42)
at okhttp3.internal.http.RealInterceptorChain.proceed(RealInterceptorChain.java:147)
at okhttp3.internal.http.RealInterceptorChain.proceed(RealInterceptorChain.java:121)
at okhttp3.internal.cache.CacheInterceptor.intercept(CacheInterceptor.java:93)
at okhttp3.internal.http.RealInterceptorChain.proceed(RealInterceptorChain.java:147)
at okhttp3.internal.http.RealInterceptorChain.proceed(RealInterceptorChain.java:121)
at okhttp3.internal.http.BridgeInterceptor.intercept(BridgeInterceptor.java:93)
at okhttp3.internal.http.RealInterceptorChain.proceed(RealInterceptorChain.java:147)
at okhttp3.internal.http.RetryAndFollowUpInterceptor.intercept(RetryAndFollowUpInterceptor.java:126)
at okhttp3.internal.http.RealInterceptorChain.proceed(RealInterceptorChain.java:147)
at okhttp3.internal.http.RealInterceptorChain.proceed(RealInterceptorChain.java:121)
at okhttp3.RealCall.getResponseWithInterceptorChain(RealCall.java:200)
at okhttp3.RealCall.execute(RealCall.java:77)
at org.openqa.selenium.remote.internal.OkHttpClient.execute(OkHttpClient.java:103)
at org.openqa.selenium.remote.ProtocolHandshake.createSession(ProtocolHandshake.java:105)
at org.openqa.selenium.remote.ProtocolHandshake.createSession(ProtocolHandshake.java:74)
at org.openqa.selenium.remote.HttpCommandExecutor.execute(HttpCommandExecutor.java:136)
at org.openqa.selenium.remote.RemoteWebDriver.execute(RemoteWebDriver.java:552)
... 31 more
Caused by: java.net.ConnectException: Connection timed out: connect
at java.net.DualStackPlainSocketImpl.waitForConnect(Native Method)
at java.net.DualStackPlainSocketImpl.socketConnect(Unknown Source)
at java.net.AbstractPlainSocketImpl.doConnect(Unknown Source)
at java.net.AbstractPlainSocketImpl.connectToAddress(Unknown Source)
at java.net.AbstractPlainSocketImpl.connect(Unknown Source)
at java.net.PlainSocketImpl.connect(Unknown Source)
at java.net.SocksSocketImpl.connect(Unknown Source)
at java.net.Socket.connect(Unknown Source)
at okhttp3.internal.platform.Platform.connectSocket(Platform.java:129)
at okhttp3.internal.connection.RealConnection.connectSocket(RealConnection.java:245)
... 53 more
]]>
            </full-stacktrace>
          </exception> <!-- org.openqa.selenium.remote.UnreachableBrowserException -->
          <reporter-output>
          </reporter-output>
        </test-method> <!-- operationSearchBar -->
        <test-method status="SKIP" signature="operationCategoryMenu()[pri:2, instance:testScenarios.UrbanLadder@18eed359]" name="operationCategoryMenu" duration-ms="0" started-at="2020-12-09T16:09:29Z" finished-at="2020-12-09T16:09:29Z">
          <exception class="org.openqa.selenium.remote.UnreachableBrowserException">
            <message>
              <![CDATA[Could not start a new session. Possible causes are invalid address of the remote server or browser start-up failure.
Build info: version: '3.141.59', revision: 'e82be7d358', time: '2018-11-14T08:17:03'
System info: host: 'LAPTOP-H8ACE30E', ip: '192.168.1.49', os.name: 'Windows 10', os.arch: 'amd64', os.version: '10.0', java.version: '1.8.0_261'
Driver info: driver.version: RemoteWebDriver]]>
            </message>
            <full-stacktrace>
              <![CDATA[org.openqa.selenium.remote.UnreachableBrowserException: Could not start a new session. Possible causes are invalid address of the remote server or browser start-up failure.
Build info: version: '3.141.59', revision: 'e82be7d358', time: '2018-11-14T08:17:03'
System info: host: 'LAPTOP-H8ACE30E', ip: '192.168.1.49', os.name: 'Windows 10', os.arch: 'amd64', os.version: '10.0', java.version: '1.8.0_261'
Driver info: driver.version: RemoteWebDriver
at org.openqa.selenium.remote.RemoteWebDriver.execute(RemoteWebDriver.java:573)
at org.openqa.selenium.remote.RemoteWebDriver.startSession(RemoteWebDriver.java:213)
at org.openqa.selenium.remote.RemoteWebDriver.<init>(RemoteWebDriver.java:131)
at org.openqa.selenium.remote.RemoteWebDriver.<init>(RemoteWebDriver.java:144)
at userDefinedLibraries.DriverSetup.driverInstantiate(DriverSetup.java:56)
at testScenarios.UrbanLadder.driverConfig(UrbanLadder.java:74)
at sun.reflect.NativeMethodAccessorImpl.invoke0(Native Method)
at sun.reflect.NativeMethodAccessorImpl.invoke(Unknown Source)
at sun.reflect.DelegatingMethodAccessorImpl.invoke(Unknown Source)
at java.lang.reflect.Method.invoke(Unknown Source)
at org.testng.internal.MethodInvocationHelper.invokeMethod(MethodInvocationHelper.java:124)
at org.testng.internal.MethodInvocationHelper.invokeMethodConsideringTimeout(MethodInvocationHelper.java:59)
at org.testng.internal.Invoker.invokeConfigurationMethod(Invoker.java:458)
at org.testng.internal.Invoker.invokeConfigurations(Invoker.java:222)
at org.testng.internal.Invoker.invokeConfigurations(Invoker.java:142)
at org.testng.internal.TestMethodWorker.invokeBeforeClassMethods(TestMethodWorker.java:168)
at org.testng.internal.TestMethodWorker.run(TestMethodWorker.java:105)
at org.testng.TestRunner.privateRun(TestRunner.java:648)
at org.testng.TestRunner.run(TestRunner.java:505)
at org.testng.SuiteRunner.runTest(SuiteRunner.java:455)
at org.testng.SuiteRunner.runSequentially(SuiteRunner.java:450)
at org.testng.SuiteRunner.privateRun(SuiteRunner.java:415)
at org.testng.SuiteRunner.run(SuiteRunner.java:364)
at org.testng.SuiteRunnerWorker.runSuite(SuiteRunnerWorker.java:52)
at org.testng.SuiteRunnerWorker.run(SuiteRunnerWorker.java:84)
at org.testng.TestNG.runSuitesSequentially(TestNG.java:1208)
at org.testng.TestNG.runSuitesLocally(TestNG.java:1137)
at org.testng.TestNG.runSuites(TestNG.java:1049)
at org.testng.TestNG.run(TestNG.java:1017)
at org.testng.remote.AbstractRemoteTestNG.run(AbstractRemoteTestNG.java:114)
at org.testng.remote.RemoteTestNG.initAndRun(RemoteTestNG.java:251)
at org.testng.remote.RemoteTestNG.main(RemoteTestNG.java:77)
Caused by: java.net.ConnectException: Failed to connect to /192.168.1.47:5555
at okhttp3.internal.connection.RealConnection.connectSocket(RealConnection.java:247)
at okhttp3.internal.connection.RealConnection.connect(RealConnection.java:165)
at okhttp3.internal.connection.StreamAllocation.findConnection(StreamAllocation.java:257)
at okhttp3.internal.connection.StreamAllocation.findHealthyConnection(StreamAllocation.java:135)
at okhttp3.internal.connection.StreamAllocation.newStream(StreamAllocation.java:114)
at okhttp3.internal.connection.ConnectInterceptor.intercept(ConnectInterceptor.java:42)
at okhttp3.internal.http.RealInterceptorChain.proceed(RealInterceptorChain.java:147)
at okhttp3.internal.http.RealInterceptorChain.proceed(RealInterceptorChain.java:121)
at okhttp3.internal.cache.CacheInterceptor.intercept(CacheInterceptor.java:93)
at okhttp3.internal.http.RealInterceptorChain.proceed(RealInterceptorChain.java:147)
at okhttp3.internal.http.RealInterceptorChain.proceed(RealInterceptorChain.java:121)
at okhttp3.internal.http.BridgeInterceptor.intercept(BridgeInterceptor.java:93)
at okhttp3.internal.http.RealInterceptorChain.proceed(RealInterceptorChain.java:147)
at okhttp3.internal.http.RetryAndFollowUpInterceptor.intercept(RetryAndFollowUpInterceptor.java:126)
at okhttp3.internal.http.RealInterceptorChain.proceed(RealInterceptorChain.java:147)
at okhttp3.internal.http.RealInterceptorChain.proceed(RealInterceptorChain.java:121)
at okhttp3.RealCall.getResponseWithInterceptorChain(RealCall.java:200)
at okhttp3.RealCall.execute(RealCall.java:77)
at org.openqa.selenium.remote.internal.OkHttpClient.execute(OkHttpClient.java:103)
at org.openqa.selenium.remote.ProtocolHandshake.createSession(ProtocolHandshake.java:105)
at org.openqa.selenium.remote.ProtocolHandshake.createSession(ProtocolHandshake.java:74)
at org.openqa.selenium.remote.HttpCommandExecutor.execute(HttpCommandExecutor.java:136)
at org.openqa.selenium.remote.RemoteWebDriver.execute(RemoteWebDriver.java:552)
... 31 more
Caused by: java.net.ConnectException: Connection timed out: connect
at java.net.DualStackPlainSocketImpl.waitForConnect(Native Method)
at java.net.DualStackPlainSocketImpl.socketConnect(Unknown Source)
at java.net.AbstractPlainSocketImpl.doConnect(Unknown Source)
at java.net.AbstractPlainSocketImpl.connectToAddress(Unknown Source)
at java.net.AbstractPlainSocketImpl.connect(Unknown Source)
at java.net.PlainSocketImpl.connect(Unknown Source)
at java.net.SocksSocketImpl.connect(Unknown Source)
at java.net.Socket.connect(Unknown Source)
at okhttp3.internal.platform.Platform.connectSocket(Platform.java:129)
at okhttp3.internal.connection.RealConnection.connectSocket(RealConnection.java:245)
... 53 more
]]>
            </full-stacktrace>
          </exception> <!-- org.openqa.selenium.remote.UnreachableBrowserException -->
          <reporter-output>
          </reporter-output>
        </test-method> <!-- operationCategoryMenu -->
        <test-method status="SKIP" signature="operationPriceSelect()[pri:3, instance:testScenarios.UrbanLadder@18eed359]" name="operationPriceSelect" duration-ms="0" started-at="2020-12-09T16:09:29Z" finished-at="2020-12-09T16:09:29Z">
          <exception class="org.openqa.selenium.remote.UnreachableBrowserException">
            <message>
              <![CDATA[Could not start a new session. Possible causes are invalid address of the remote server or browser start-up failure.
Build info: version: '3.141.59', revision: 'e82be7d358', time: '2018-11-14T08:17:03'
System info: host: 'LAPTOP-H8ACE30E', ip: '192.168.1.49', os.name: 'Windows 10', os.arch: 'amd64', os.version: '10.0', java.version: '1.8.0_261'
Driver info: driver.version: RemoteWebDriver]]>
            </message>
            <full-stacktrace>
              <![CDATA[org.openqa.selenium.remote.UnreachableBrowserException: Could not start a new session. Possible causes are invalid address of the remote server or browser start-up failure.
Build info: version: '3.141.59', revision: 'e82be7d358', time: '2018-11-14T08:17:03'
System info: host: 'LAPTOP-H8ACE30E', ip: '192.168.1.49', os.name: 'Windows 10', os.arch: 'amd64', os.version: '10.0', java.version: '1.8.0_261'
Driver info: driver.version: RemoteWebDriver
at org.openqa.selenium.remote.RemoteWebDriver.execute(RemoteWebDriver.java:573)
at org.openqa.selenium.remote.RemoteWebDriver.startSession(RemoteWebDriver.java:213)
at org.openqa.selenium.remote.RemoteWebDriver.<init>(RemoteWebDriver.java:131)
at org.openqa.selenium.remote.RemoteWebDriver.<init>(RemoteWebDriver.java:144)
at userDefinedLibraries.DriverSetup.driverInstantiate(DriverSetup.java:56)
at testScenarios.UrbanLadder.driverConfig(UrbanLadder.java:74)
at sun.reflect.NativeMethodAccessorImpl.invoke0(Native Method)
at sun.reflect.NativeMethodAccessorImpl.invoke(Unknown Source)
at sun.reflect.DelegatingMethodAccessorImpl.invoke(Unknown Source)
at java.lang.reflect.Method.invoke(Unknown Source)
at org.testng.internal.MethodInvocationHelper.invokeMethod(MethodInvocationHelper.java:124)
at org.testng.internal.MethodInvocationHelper.invokeMethodConsideringTimeout(MethodInvocationHelper.java:59)
at org.testng.internal.Invoker.invokeConfigurationMethod(Invoker.java:458)
at org.testng.internal.Invoker.invokeConfigurations(Invoker.java:222)
at org.testng.internal.Invoker.invokeConfigurations(Invoker.java:142)
at org.testng.internal.TestMethodWorker.invokeBeforeClassMethods(TestMethodWorker.java:168)
at org.testng.internal.TestMethodWorker.run(TestMethodWorker.java:105)
at org.testng.TestRunner.privateRun(TestRunner.java:648)
at org.testng.TestRunner.run(TestRunner.java:505)
at org.testng.SuiteRunner.runTest(SuiteRunner.java:455)
at org.testng.SuiteRunner.runSequentially(SuiteRunner.java:450)
at org.testng.SuiteRunner.privateRun(SuiteRunner.java:415)
at org.testng.SuiteRunner.run(SuiteRunner.java:364)
at org.testng.SuiteRunnerWorker.runSuite(SuiteRunnerWorker.java:52)
at org.testng.SuiteRunnerWorker.run(SuiteRunnerWorker.java:84)
at org.testng.TestNG.runSuitesSequentially(TestNG.java:1208)
at org.testng.TestNG.runSuitesLocally(TestNG.java:1137)
at org.testng.TestNG.runSuites(TestNG.java:1049)
at org.testng.TestNG.run(TestNG.java:1017)
at org.testng.remote.AbstractRemoteTestNG.run(AbstractRemoteTestNG.java:114)
at org.testng.remote.RemoteTestNG.initAndRun(RemoteTestNG.java:251)
at org.testng.remote.RemoteTestNG.main(RemoteTestNG.java:77)
Caused by: java.net.ConnectException: Failed to connect to /192.168.1.47:5555
at okhttp3.internal.connection.RealConnection.connectSocket(RealConnection.java:247)
at okhttp3.internal.connection.RealConnection.connect(RealConnection.java:165)
at okhttp3.internal.connection.StreamAllocation.findConnection(StreamAllocation.java:257)
at okhttp3.internal.connection.StreamAllocation.findHealthyConnection(StreamAllocation.java:135)
at okhttp3.internal.connection.StreamAllocation.newStream(StreamAllocation.java:114)
at okhttp3.internal.connection.ConnectInterceptor.intercept(ConnectInterceptor.java:42)
at okhttp3.internal.http.RealInterceptorChain.proceed(RealInterceptorChain.java:147)
at okhttp3.internal.http.RealInterceptorChain.proceed(RealInterceptorChain.java:121)
at okhttp3.internal.cache.CacheInterceptor.intercept(CacheInterceptor.java:93)
at okhttp3.internal.http.RealInterceptorChain.proceed(RealInterceptorChain.java:147)
at okhttp3.internal.http.RealInterceptorChain.proceed(RealInterceptorChain.java:121)
at okhttp3.internal.http.BridgeInterceptor.intercept(BridgeInterceptor.java:93)
at okhttp3.internal.http.RealInterceptorChain.proceed(RealInterceptorChain.java:147)
at okhttp3.internal.http.RetryAndFollowUpInterceptor.intercept(RetryAndFollowUpInterceptor.java:126)
at okhttp3.internal.http.RealInterceptorChain.proceed(RealInterceptorChain.java:147)
at okhttp3.internal.http.RealInterceptorChain.proceed(RealInterceptorChain.java:121)
at okhttp3.RealCall.getResponseWithInterceptorChain(RealCall.java:200)
at okhttp3.RealCall.execute(RealCall.java:77)
at org.openqa.selenium.remote.internal.OkHttpClient.execute(OkHttpClient.java:103)
at org.openqa.selenium.remote.ProtocolHandshake.createSession(ProtocolHandshake.java:105)
at org.openqa.selenium.remote.ProtocolHandshake.createSession(ProtocolHandshake.java:74)
at org.openqa.selenium.remote.HttpCommandExecutor.execute(HttpCommandExecutor.java:136)
at org.openqa.selenium.remote.RemoteWebDriver.execute(RemoteWebDriver.java:552)
... 31 more
Caused by: java.net.ConnectException: Connection timed out: connect
at java.net.DualStackPlainSocketImpl.waitForConnect(Native Method)
at java.net.DualStackPlainSocketImpl.socketConnect(Unknown Source)
at java.net.AbstractPlainSocketImpl.doConnect(Unknown Source)
at java.net.AbstractPlainSocketImpl.connectToAddress(Unknown Source)
at java.net.AbstractPlainSocketImpl.connect(Unknown Source)
at java.net.PlainSocketImpl.connect(Unknown Source)
at java.net.SocksSocketImpl.connect(Unknown Source)
at java.net.Socket.connect(Unknown Source)
at okhttp3.internal.platform.Platform.connectSocket(Platform.java:129)
at okhttp3.internal.connection.RealConnection.connectSocket(RealConnection.java:245)
... 53 more
]]>
            </full-stacktrace>
          </exception> <!-- org.openqa.selenium.remote.UnreachableBrowserException -->
          <reporter-output>
          </reporter-output>
        </test-method> <!-- operationPriceSelect -->
        <test-method status="SKIP" signature="operationStorageSelect()[pri:4, instance:testScenarios.UrbanLadder@18eed359]" name="operationStorageSelect" duration-ms="0" started-at="2020-12-09T16:09:29Z" finished-at="2020-12-09T16:09:29Z">
          <exception class="org.openqa.selenium.remote.UnreachableBrowserException">
            <message>
              <![CDATA[Could not start a new session. Possible causes are invalid address of the remote server or browser start-up failure.
Build info: version: '3.141.59', revision: 'e82be7d358', time: '2018-11-14T08:17:03'
System info: host: 'LAPTOP-H8ACE30E', ip: '192.168.1.49', os.name: 'Windows 10', os.arch: 'amd64', os.version: '10.0', java.version: '1.8.0_261'
Driver info: driver.version: RemoteWebDriver]]>
            </message>
            <full-stacktrace>
              <![CDATA[org.openqa.selenium.remote.UnreachableBrowserException: Could not start a new session. Possible causes are invalid address of the remote server or browser start-up failure.
Build info: version: '3.141.59', revision: 'e82be7d358', time: '2018-11-14T08:17:03'
System info: host: 'LAPTOP-H8ACE30E', ip: '192.168.1.49', os.name: 'Windows 10', os.arch: 'amd64', os.version: '10.0', java.version: '1.8.0_261'
Driver info: driver.version: RemoteWebDriver
at org.openqa.selenium.remote.RemoteWebDriver.execute(RemoteWebDriver.java:573)
at org.openqa.selenium.remote.RemoteWebDriver.startSession(RemoteWebDriver.java:213)
at org.openqa.selenium.remote.RemoteWebDriver.<init>(RemoteWebDriver.java:131)
at org.openqa.selenium.remote.RemoteWebDriver.<init>(RemoteWebDriver.java:144)
at userDefinedLibraries.DriverSetup.driverInstantiate(DriverSetup.java:56)
at testScenarios.UrbanLadder.driverConfig(UrbanLadder.java:74)
at sun.reflect.NativeMethodAccessorImpl.invoke0(Native Method)
at sun.reflect.NativeMethodAccessorImpl.invoke(Unknown Source)
at sun.reflect.DelegatingMethodAccessorImpl.invoke(Unknown Source)
at java.lang.reflect.Method.invoke(Unknown Source)
at org.testng.internal.MethodInvocationHelper.invokeMethod(MethodInvocationHelper.java:124)
at org.testng.internal.MethodInvocationHelper.invokeMethodConsideringTimeout(MethodInvocationHelper.java:59)
at org.testng.internal.Invoker.invokeConfigurationMethod(Invoker.java:458)
at org.testng.internal.Invoker.invokeConfigurations(Invoker.java:222)
at org.testng.internal.Invoker.invokeConfigurations(Invoker.java:142)
at org.testng.internal.TestMethodWorker.invokeBeforeClassMethods(TestMethodWorker.java:168)
at org.testng.internal.TestMethodWorker.run(TestMethodWorker.java:105)
at org.testng.TestRunner.privateRun(TestRunner.java:648)
at org.testng.TestRunner.run(TestRunner.java:505)
at org.testng.SuiteRunner.runTest(SuiteRunner.java:455)
at org.testng.SuiteRunner.runSequentially(SuiteRunner.java:450)
at org.testng.SuiteRunner.privateRun(SuiteRunner.java:415)
at org.testng.SuiteRunner.run(SuiteRunner.java:364)
at org.testng.SuiteRunnerWorker.runSuite(SuiteRunnerWorker.java:52)
at org.testng.SuiteRunnerWorker.run(SuiteRunnerWorker.java:84)
at org.testng.TestNG.runSuitesSequentially(TestNG.java:1208)
at org.testng.TestNG.runSuitesLocally(TestNG.java:1137)
at org.testng.TestNG.runSuites(TestNG.java:1049)
at org.testng.TestNG.run(TestNG.java:1017)
at org.testng.remote.AbstractRemoteTestNG.run(AbstractRemoteTestNG.java:114)
at org.testng.remote.RemoteTestNG.initAndRun(RemoteTestNG.java:251)
at org.testng.remote.RemoteTestNG.main(RemoteTestNG.java:77)
Caused by: java.net.ConnectException: Failed to connect to /192.168.1.47:5555
at okhttp3.internal.connection.RealConnection.connectSocket(RealConnection.java:247)
at okhttp3.internal.connection.RealConnection.connect(RealConnection.java:165)
at okhttp3.internal.connection.StreamAllocation.findConnection(StreamAllocation.java:257)
at okhttp3.internal.connection.StreamAllocation.findHealthyConnection(StreamAllocation.java:135)
at okhttp3.internal.connection.StreamAllocation.newStream(StreamAllocation.java:114)
at okhttp3.internal.connection.ConnectInterceptor.intercept(ConnectInterceptor.java:42)
at okhttp3.internal.http.RealInterceptorChain.proceed(RealInterceptorChain.java:147)
at okhttp3.internal.http.RealInterceptorChain.proceed(RealInterceptorChain.java:121)
at okhttp3.internal.cache.CacheInterceptor.intercept(CacheInterceptor.java:93)
at okhttp3.internal.http.RealInterceptorChain.proceed(RealInterceptorChain.java:147)
at okhttp3.internal.http.RealInterceptorChain.proceed(RealInterceptorChain.java:121)
at okhttp3.internal.http.BridgeInterceptor.intercept(BridgeInterceptor.java:93)
at okhttp3.internal.http.RealInterceptorChain.proceed(RealInterceptorChain.java:147)
at okhttp3.internal.http.RetryAndFollowUpInterceptor.intercept(RetryAndFollowUpInterceptor.java:126)
at okhttp3.internal.http.RealInterceptorChain.proceed(RealInterceptorChain.java:147)
at okhttp3.internal.http.RealInterceptorChain.proceed(RealInterceptorChain.java:121)
at okhttp3.RealCall.getResponseWithInterceptorChain(RealCall.java:200)
at okhttp3.RealCall.execute(RealCall.java:77)
at org.openqa.selenium.remote.internal.OkHttpClient.execute(OkHttpClient.java:103)
at org.openqa.selenium.remote.ProtocolHandshake.createSession(ProtocolHandshake.java:105)
at org.openqa.selenium.remote.ProtocolHandshake.createSession(ProtocolHandshake.java:74)
at org.openqa.selenium.remote.HttpCommandExecutor.execute(HttpCommandExecutor.java:136)
at org.openqa.selenium.remote.RemoteWebDriver.execute(RemoteWebDriver.java:552)
... 31 more
Caused by: java.net.ConnectException: Connection timed out: connect
at java.net.DualStackPlainSocketImpl.waitForConnect(Native Method)
at java.net.DualStackPlainSocketImpl.socketConnect(Unknown Source)
at java.net.AbstractPlainSocketImpl.doConnect(Unknown Source)
at java.net.AbstractPlainSocketImpl.connectToAddress(Unknown Source)
at java.net.AbstractPlainSocketImpl.connect(Unknown Source)
at java.net.PlainSocketImpl.connect(Unknown Source)
at java.net.SocksSocketImpl.connect(Unknown Source)
at java.net.Socket.connect(Unknown Source)
at okhttp3.internal.platform.Platform.connectSocket(Platform.java:129)
at okhttp3.internal.connection.RealConnection.connectSocket(RealConnection.java:245)
... 53 more
]]>
            </full-stacktrace>
          </exception> <!-- org.openqa.selenium.remote.UnreachableBrowserException -->
          <reporter-output>
          </reporter-output>
        </test-method> <!-- operationStorageSelect -->
        <test-method status="SKIP" signature="print(java.lang.String)[pri:5, instance:testScenarios.UrbanLadder@18eed359]" name="print" duration-ms="0" started-at="2020-12-09T16:09:29Z" finished-at="2020-12-09T16:09:29Z">
          <exception class="org.openqa.selenium.remote.UnreachableBrowserException">
            <message>
              <![CDATA[Could not start a new session. Possible causes are invalid address of the remote server or browser start-up failure.
Build info: version: '3.141.59', revision: 'e82be7d358', time: '2018-11-14T08:17:03'
System info: host: 'LAPTOP-H8ACE30E', ip: '192.168.1.49', os.name: 'Windows 10', os.arch: 'amd64', os.version: '10.0', java.version: '1.8.0_261'
Driver info: driver.version: RemoteWebDriver]]>
            </message>
            <full-stacktrace>
              <![CDATA[org.openqa.selenium.remote.UnreachableBrowserException: Could not start a new session. Possible causes are invalid address of the remote server or browser start-up failure.
Build info: version: '3.141.59', revision: 'e82be7d358', time: '2018-11-14T08:17:03'
System info: host: 'LAPTOP-H8ACE30E', ip: '192.168.1.49', os.name: 'Windows 10', os.arch: 'amd64', os.version: '10.0', java.version: '1.8.0_261'
Driver info: driver.version: RemoteWebDriver
at org.openqa.selenium.remote.RemoteWebDriver.execute(RemoteWebDriver.java:573)
at org.openqa.selenium.remote.RemoteWebDriver.startSession(RemoteWebDriver.java:213)
at org.openqa.selenium.remote.RemoteWebDriver.<init>(RemoteWebDriver.java:131)
at org.openqa.selenium.remote.RemoteWebDriver.<init>(RemoteWebDriver.java:144)
at userDefinedLibraries.DriverSetup.driverInstantiate(DriverSetup.java:56)
at testScenarios.UrbanLadder.driverConfig(UrbanLadder.java:74)
at sun.reflect.NativeMethodAccessorImpl.invoke0(Native Method)
at sun.reflect.NativeMethodAccessorImpl.invoke(Unknown Source)
at sun.reflect.DelegatingMethodAccessorImpl.invoke(Unknown Source)
at java.lang.reflect.Method.invoke(Unknown Source)
at org.testng.internal.MethodInvocationHelper.invokeMethod(MethodInvocationHelper.java:124)
at org.testng.internal.MethodInvocationHelper.invokeMethodConsideringTimeout(MethodInvocationHelper.java:59)
at org.testng.internal.Invoker.invokeConfigurationMethod(Invoker.java:458)
at org.testng.internal.Invoker.invokeConfigurations(Invoker.java:222)
at org.testng.internal.Invoker.invokeConfigurations(Invoker.java:142)
at org.testng.internal.TestMethodWorker.invokeBeforeClassMethods(TestMethodWorker.java:168)
at org.testng.internal.TestMethodWorker.run(TestMethodWorker.java:105)
at org.testng.TestRunner.privateRun(TestRunner.java:648)
at org.testng.TestRunner.run(TestRunner.java:505)
at org.testng.SuiteRunner.runTest(SuiteRunner.java:455)
at org.testng.SuiteRunner.runSequentially(SuiteRunner.java:450)
at org.testng.SuiteRunner.privateRun(SuiteRunner.java:415)
at org.testng.SuiteRunner.run(SuiteRunner.java:364)
at org.testng.SuiteRunnerWorker.runSuite(SuiteRunnerWorker.java:52)
at org.testng.SuiteRunnerWorker.run(SuiteRunnerWorker.java:84)
at org.testng.TestNG.runSuitesSequentially(TestNG.java:1208)
at org.testng.TestNG.runSuitesLocally(TestNG.java:1137)
at org.testng.TestNG.runSuites(TestNG.java:1049)
at org.testng.TestNG.run(TestNG.java:1017)
at org.testng.remote.AbstractRemoteTestNG.run(AbstractRemoteTestNG.java:114)
at org.testng.remote.RemoteTestNG.initAndRun(RemoteTestNG.java:251)
at org.testng.remote.RemoteTestNG.main(RemoteTestNG.java:77)
Caused by: java.net.ConnectException: Failed to connect to /192.168.1.47:5555
at okhttp3.internal.connection.RealConnection.connectSocket(RealConnection.java:247)
at okhttp3.internal.connection.RealConnection.connect(RealConnection.java:165)
at okhttp3.internal.connection.StreamAllocation.findConnection(StreamAllocation.java:257)
at okhttp3.internal.connection.StreamAllocation.findHealthyConnection(StreamAllocation.java:135)
at okhttp3.internal.connection.StreamAllocation.newStream(StreamAllocation.java:114)
at okhttp3.internal.connection.ConnectInterceptor.intercept(ConnectInterceptor.java:42)
at okhttp3.internal.http.RealInterceptorChain.proceed(RealInterceptorChain.java:147)
at okhttp3.internal.http.RealInterceptorChain.proceed(RealInterceptorChain.java:121)
at okhttp3.internal.cache.CacheInterceptor.intercept(CacheInterceptor.java:93)
at okhttp3.internal.http.RealInterceptorChain.proceed(RealInterceptorChain.java:147)
at okhttp3.internal.http.RealInterceptorChain.proceed(RealInterceptorChain.java:121)
at okhttp3.internal.http.BridgeInterceptor.intercept(BridgeInterceptor.java:93)
at okhttp3.internal.http.RealInterceptorChain.proceed(RealInterceptorChain.java:147)
at okhttp3.internal.http.RetryAndFollowUpInterceptor.intercept(RetryAndFollowUpInterceptor.java:126)
at okhttp3.internal.http.RealInterceptorChain.proceed(RealInterceptorChain.java:147)
at okhttp3.internal.http.RealInterceptorChain.proceed(RealInterceptorChain.java:121)
at okhttp3.RealCall.getResponseWithInterceptorChain(RealCall.java:200)
at okhttp3.RealCall.execute(RealCall.java:77)
at org.openqa.selenium.remote.internal.OkHttpClient.execute(OkHttpClient.java:103)
at org.openqa.selenium.remote.ProtocolHandshake.createSession(ProtocolHandshake.java:105)
at org.openqa.selenium.remote.ProtocolHandshake.createSession(ProtocolHandshake.java:74)
at org.openqa.selenium.remote.HttpCommandExecutor.execute(HttpCommandExecutor.java:136)
at org.openqa.selenium.remote.RemoteWebDriver.execute(RemoteWebDriver.java:552)
... 31 more
Caused by: java.net.ConnectException: Connection timed out: connect
at java.net.DualStackPlainSocketImpl.waitForConnect(Native Method)
at java.net.DualStackPlainSocketImpl.socketConnect(Unknown Source)
at java.net.AbstractPlainSocketImpl.doConnect(Unknown Source)
at java.net.AbstractPlainSocketImpl.connectToAddress(Unknown Source)
at java.net.AbstractPlainSocketImpl.connect(Unknown Source)
at java.net.PlainSocketImpl.connect(Unknown Source)
at java.net.SocksSocketImpl.connect(Unknown Source)
at java.net.Socket.connect(Unknown Source)
at okhttp3.internal.platform.Platform.connectSocket(Platform.java:129)
at okhttp3.internal.connection.RealConnection.connectSocket(RealConnection.java:245)
... 53 more
]]>
            </full-stacktrace>
          </exception> <!-- org.openqa.selenium.remote.UnreachableBrowserException -->
          <reporter-output>
          </reporter-output>
        </test-method> <!-- print -->
        <test-method status="SKIP" signature="testCaseReadExl()[pri:6, instance:testScenarios.UrbanLadder@18eed359]" name="testCaseReadExl" duration-ms="0" started-at="2020-12-09T16:09:29Z" finished-at="2020-12-09T16:09:29Z">
          <exception class="org.openqa.selenium.remote.UnreachableBrowserException">
            <message>
              <![CDATA[Could not start a new session. Possible causes are invalid address of the remote server or browser start-up failure.
Build info: version: '3.141.59', revision: 'e82be7d358', time: '2018-11-14T08:17:03'
System info: host: 'LAPTOP-H8ACE30E', ip: '192.168.1.49', os.name: 'Windows 10', os.arch: 'amd64', os.version: '10.0', java.version: '1.8.0_261'
Driver info: driver.version: RemoteWebDriver]]>
            </message>
            <full-stacktrace>
              <![CDATA[org.openqa.selenium.remote.UnreachableBrowserException: Could not start a new session. Possible causes are invalid address of the remote server or browser start-up failure.
Build info: version: '3.141.59', revision: 'e82be7d358', time: '2018-11-14T08:17:03'
System info: host: 'LAPTOP-H8ACE30E', ip: '192.168.1.49', os.name: 'Windows 10', os.arch: 'amd64', os.version: '10.0', java.version: '1.8.0_261'
Driver info: driver.version: RemoteWebDriver
at org.openqa.selenium.remote.RemoteWebDriver.execute(RemoteWebDriver.java:573)
at org.openqa.selenium.remote.RemoteWebDriver.startSession(RemoteWebDriver.java:213)
at org.openqa.selenium.remote.RemoteWebDriver.<init>(RemoteWebDriver.java:131)
at org.openqa.selenium.remote.RemoteWebDriver.<init>(RemoteWebDriver.java:144)
at userDefinedLibraries.DriverSetup.driverInstantiate(DriverSetup.java:56)
at testScenarios.UrbanLadder.driverConfig(UrbanLadder.java:74)
at sun.reflect.NativeMethodAccessorImpl.invoke0(Native Method)
at sun.reflect.NativeMethodAccessorImpl.invoke(Unknown Source)
at sun.reflect.DelegatingMethodAccessorImpl.invoke(Unknown Source)
at java.lang.reflect.Method.invoke(Unknown Source)
at org.testng.internal.MethodInvocationHelper.invokeMethod(MethodInvocationHelper.java:124)
at org.testng.internal.MethodInvocationHelper.invokeMethodConsideringTimeout(MethodInvocationHelper.java:59)
at org.testng.internal.Invoker.invokeConfigurationMethod(Invoker.java:458)
at org.testng.internal.Invoker.invokeConfigurations(Invoker.java:222)
at org.testng.internal.Invoker.invokeConfigurations(Invoker.java:142)
at org.testng.internal.TestMethodWorker.invokeBeforeClassMethods(TestMethodWorker.java:168)
at org.testng.internal.TestMethodWorker.run(TestMethodWorker.java:105)
at org.testng.TestRunner.privateRun(TestRunner.java:648)
at org.testng.TestRunner.run(TestRunner.java:505)
at org.testng.SuiteRunner.runTest(SuiteRunner.java:455)
at org.testng.SuiteRunner.runSequentially(SuiteRunner.java:450)
at org.testng.SuiteRunner.privateRun(SuiteRunner.java:415)
at org.testng.SuiteRunner.run(SuiteRunner.java:364)
at org.testng.SuiteRunnerWorker.runSuite(SuiteRunnerWorker.java:52)
at org.testng.SuiteRunnerWorker.run(SuiteRunnerWorker.java:84)
at org.testng.TestNG.runSuitesSequentially(TestNG.java:1208)
at org.testng.TestNG.runSuitesLocally(TestNG.java:1137)
at org.testng.TestNG.runSuites(TestNG.java:1049)
at org.testng.TestNG.run(TestNG.java:1017)
at org.testng.remote.AbstractRemoteTestNG.run(AbstractRemoteTestNG.java:114)
at org.testng.remote.RemoteTestNG.initAndRun(RemoteTestNG.java:251)
at org.testng.remote.RemoteTestNG.main(RemoteTestNG.java:77)
Caused by: java.net.ConnectException: Failed to connect to /192.168.1.47:5555
at okhttp3.internal.connection.RealConnection.connectSocket(RealConnection.java:247)
at okhttp3.internal.connection.RealConnection.connect(RealConnection.java:165)
at okhttp3.internal.connection.StreamAllocation.findConnection(StreamAllocation.java:257)
at okhttp3.internal.connection.StreamAllocation.findHealthyConnection(StreamAllocation.java:135)
at okhttp3.internal.connection.StreamAllocation.newStream(StreamAllocation.java:114)
at okhttp3.internal.connection.ConnectInterceptor.intercept(ConnectInterceptor.java:42)
at okhttp3.internal.http.RealInterceptorChain.proceed(RealInterceptorChain.java:147)
at okhttp3.internal.http.RealInterceptorChain.proceed(RealInterceptorChain.java:121)
at okhttp3.internal.cache.CacheInterceptor.intercept(CacheInterceptor.java:93)
at okhttp3.internal.http.RealInterceptorChain.proceed(RealInterceptorChain.java:147)
at okhttp3.internal.http.RealInterceptorChain.proceed(RealInterceptorChain.java:121)
at okhttp3.internal.http.BridgeInterceptor.intercept(BridgeInterceptor.java:93)
at okhttp3.internal.http.RealInterceptorChain.proceed(RealInterceptorChain.java:147)
at okhttp3.internal.http.RetryAndFollowUpInterceptor.intercept(RetryAndFollowUpInterceptor.java:126)
at okhttp3.internal.http.RealInterceptorChain.proceed(RealInterceptorChain.java:147)
at okhttp3.internal.http.RealInterceptorChain.proceed(RealInterceptorChain.java:121)
at okhttp3.RealCall.getResponseWithInterceptorChain(RealCall.java:200)
at okhttp3.RealCall.execute(RealCall.java:77)
at org.openqa.selenium.remote.internal.OkHttpClient.execute(OkHttpClient.java:103)
at org.openqa.selenium.remote.ProtocolHandshake.createSession(ProtocolHandshake.java:105)
at org.openqa.selenium.remote.ProtocolHandshake.createSession(ProtocolHandshake.java:74)
at org.openqa.selenium.remote.HttpCommandExecutor.execute(HttpCommandExecutor.java:136)
at org.openqa.selenium.remote.RemoteWebDriver.execute(RemoteWebDriver.java:552)
... 31 more
Caused by: java.net.ConnectException: Connection timed out: connect
at java.net.DualStackPlainSocketImpl.waitForConnect(Native Method)
at java.net.DualStackPlainSocketImpl.socketConnect(Unknown Source)
at java.net.AbstractPlainSocketImpl.doConnect(Unknown Source)
at java.net.AbstractPlainSocketImpl.connectToAddress(Unknown Source)
at java.net.AbstractPlainSocketImpl.connect(Unknown Source)
at java.net.PlainSocketImpl.connect(Unknown Source)
at java.net.SocksSocketImpl.connect(Unknown Source)
at java.net.Socket.connect(Unknown Source)
at okhttp3.internal.platform.Platform.connectSocket(Platform.java:129)
at okhttp3.internal.connection.RealConnection.connectSocket(RealConnection.java:245)
... 53 more
]]>
            </full-stacktrace>
          </exception> <!-- org.openqa.selenium.remote.UnreachableBrowserException -->
          <reporter-output>
          </reporter-output>
        </test-method> <!-- testCaseReadExl -->
        <test-method status="SKIP" signature="operationSearch()[pri:7, instance:testScenarios.UrbanLadder@18eed359]" name="operationSearch" duration-ms="0" started-at="2020-12-09T16:09:29Z" finished-at="2020-12-09T16:09:29Z">
          <exception class="org.openqa.selenium.remote.UnreachableBrowserException">
            <message>
              <![CDATA[Could not start a new session. Possible causes are invalid address of the remote server or browser start-up failure.
Build info: version: '3.141.59', revision: 'e82be7d358', time: '2018-11-14T08:17:03'
System info: host: 'LAPTOP-H8ACE30E', ip: '192.168.1.49', os.name: 'Windows 10', os.arch: 'amd64', os.version: '10.0', java.version: '1.8.0_261'
Driver info: driver.version: RemoteWebDriver]]>
            </message>
            <full-stacktrace>
              <![CDATA[org.openqa.selenium.remote.UnreachableBrowserException: Could not start a new session. Possible causes are invalid address of the remote server or browser start-up failure.
Build info: version: '3.141.59', revision: 'e82be7d358', time: '2018-11-14T08:17:03'
[...]
... 53 more
]]>
            </full-stacktrace>
          </exception> <!-- org.openqa.selenium.remote.UnreachableBrowserException -->
          <reporter-output>
          </reporter-output>
        </test-method> <!-- operationPriceSelect -->
        <test-method status="SKIP" signature="operationStorageSelect()[pri:4, instance:testScenarios.UrbanLadder@49fc609f]" name="operationStorageSelect" duration-ms="0" started-at="2020-12-09T16:10:33Z" finished-at="2020-12-09T16:10:33Z">
          <exception class="org.openqa.selenium.remote.UnreachableBrowserException">
            <message>
              <![CDATA[Could not start a new session. Possible causes are invalid address of the remote server or browser start-up failure.
Build info: version: '3.141.59', revision: 'e82be7d358', time: '2018-11-14T08:17:03'
System info: host: 'LAPTOP-H8ACE30E', ip: '192.168.1.49', os.name: 'Windows 10', os.arch: 'amd64', os.version: '10.0', java.version: '1.8.0_261'
Driver info: driver.version: RemoteWebDriver]]>
            </message>
            <full-stacktrace>
              <![CDATA[org.openqa.selenium.remote.UnreachableBrowserException: Could not start a new session. Possible causes are invalid address of the remote server or browser start-up failure.
Build info: version: '3.141.59', revision: 'e82be7d358', time: '2018-11-14T08:17:03'
System info: host: 'LAPTOP-H8ACE30E', ip: '192.168.1.49', os.name: 'Windows 10', os.arch: 'amd64', os.version: '10.0', java.version: '1.8.0_261'
Driver info: driver.version: RemoteWebDriver
at org.openqa.selenium.remote.RemoteWebDriver.execute(RemoteWebDriver.java:573)
at org.openqa.selenium.remote.RemoteWebDriver.startSession(RemoteWebDriver.java:213)
at org.openqa.selenium.remote.RemoteWebDriver.<init>(RemoteWebDriver.java:131)
at org.openqa.selenium.remote.RemoteWebDriver.<init>(RemoteWebDriver.java:144)
at userDefinedLibraries.DriverSetup.driverInstantiate(DriverSetup.java:56)
at testScenarios.UrbanLadder.driverConfig(UrbanLadder.java:74)
at sun.reflect.NativeMethodAccessorImpl.invoke0(Native Method)
at sun.reflect.NativeMethodAccessorImpl.invoke(Unknown Source)
at sun.reflect.DelegatingMethodAccessorImpl.invoke(Unknown Source)
at java.lang.reflect.Method.invoke(Unknown Source)
at org.testng.internal.MethodInvocationHelper.invokeMethod(MethodInvocationHelper.java:124)
at org.testng.internal.MethodInvocationHelper.invokeMethodConsideringTimeout(MethodInvocationHelper.java:59)
at org.testng.internal.Invoker.invokeConfigurationMethod(Invoker.java:458)
at org.testng.internal.Invoker.invokeConfigurations(Invoker.java:222)
at org.testng.internal.Invoker.invokeConfigurations(Invoker.java:142)
at org.testng.internal.TestMethodWorker.invokeBeforeClassMethods(TestMethodWorker.java:168)
at org.testng.internal.TestMethodWorker.run(TestMethodWorker.java:105)
at org.testng.TestRunner.privateRun(TestRunner.java:648)
at org.testng.TestRunner.run(TestRunner.java:505)
at org.testng.SuiteRunner.runTest(SuiteRunner.java:455)
at org.testng.SuiteRunner.runSequentially(SuiteRunner.java:450)
at org.testng.SuiteRunner.privateRun(SuiteRunner.java:415)
at org.testng.SuiteRunner.run(SuiteRunner.java:364)
at org.testng.SuiteRunnerWorker.runSuite(SuiteRunnerWorker.java:52)
at org.testng.SuiteRunnerWorker.run(SuiteRunnerWorker.java:84)
at org.testng.TestNG.runSuitesSequentially(TestNG.java:1208)
at org.testng.TestNG.runSuitesLocally(TestNG.java:1137)
at org.testng.TestNG.runSuites(TestNG.java:1049)
at org.testng.TestNG.run(TestNG.java:1017)
at org.testng.remote.AbstractRemoteTestNG.run(AbstractRemoteTestNG.java:114)
at org.testng.remote.RemoteTestNG.initAndRun(RemoteTestNG.java:251)
at org.testng.remote.RemoteTestNG.main(RemoteTestNG.java:77)
Caused by: java.net.ConnectException: Failed to connect to /192.168.1.47:5555
at okhttp3.internal.connection.RealConnection.connectSocket(RealConnection.java:247)
at okhttp3.internal.connection.RealConnection.connect(RealConnection.java:165)
at okhttp3.internal.connection.StreamAllocation.findConnection(StreamAllocation.java:257)
at okhttp3.internal.connection.StreamAllocation.findHealthyConnection(StreamAllocation.java:135)
at okhttp3.internal.connection.StreamAllocation.newStream(StreamAllocation.java:114)
at okhttp3.internal.connection.ConnectInterceptor.intercept(ConnectInterceptor.java:42)
at okhttp3.internal.http.RealInterceptorChain.proceed(RealInterceptorChain.java:147)
at okhttp3.internal.http.RealInterceptorChain.proceed(RealInterceptorChain.java:121)
at okhttp3.internal.cache.CacheInterceptor.intercept(CacheInterceptor.java:93)
at okhttp3.internal.http.RealInterceptorChain.proceed(RealInterceptorChain.java:147)
at okhttp3.internal.http.RealInterceptorChain.proceed(RealInterceptorChain.java:121)
at okhttp3.internal.http.BridgeInterceptor.intercept(BridgeInterceptor.java:93)
at okhttp3.internal.http.RealInterceptorChain.proceed(RealInterceptorChain.java:147)
at okhttp3.internal.http.RetryAndFollowUpInterceptor.intercept(RetryAndFollowUpInterceptor.java:126)
at okhttp3.internal.http.RealInterceptorChain.proceed(RealInterceptorChain.java:147)
at okhttp3.internal.http.RealInterceptorChain.proceed(RealInterceptorChain.java:121)
at okhttp3.RealCall.getResponseWithInterceptorChain(RealCall.java:200)
at okhttp3.RealCall.execute(RealCall.java:77)
at org.openqa.selenium.remote.internal.OkHttpClient.execute(OkHttpClient.java:103)
at org.openqa.selenium.remote.ProtocolHandshake.createSession(ProtocolHandshake.java:105)
at org.openqa.selenium.remote.ProtocolHandshake.createSession(ProtocolHandshake.java:74)
at org.openqa.selenium.remote.HttpCommandExecutor.execute(HttpCommandExecutor.java:136)
at org.openqa.selenium.remote.RemoteWebDriver.execute(RemoteWebDriver.java:552)
... 31 more
Caused by: java.net.ConnectException: Connection timed out: connect
at java.net.DualStackPlainSocketImpl.waitForConnect(Native Method)
at java.net.DualStackPlainSocketImpl.socketConnect(Unknown Source)
at java.net.AbstractPlainSocketImpl.doConnect(Unknown Source)
at java.net.AbstractPlainSocketImpl.connectToAddress(Unknown Source)
at java.net.AbstractPlainSocketImpl.connect(Unknown Source)
at java.net.PlainSocketImpl.connect(Unknown Source)
at java.net.SocksSocketImpl.connect(Unknown Source)
at java.net.Socket.connect(Unknown Source)
at okhttp3.internal.platform.Platform.connectSocket(Platform.java:129)
at okhttp3.internal.connection.RealConnection.connectSocket(RealConnection.java:245)
... 53 more
]]>
            </full-stacktrace>
          </exception> <!-- org.openqa.selenium.remote.UnreachableBrowserException -->
          <reporter-output>
          </reporter-output>
        </test-method> <!-- operationStorageSelect -->
        <test-method status="SKIP" signature="print(java.lang.String)[pri:5, instance:testScenarios.UrbanLadder@49fc609f]" name="print" duration-ms="0" started-at="2020-12-09T16:10:33Z" finished-at="2020-12-09T16:10:33Z">
          <exception class="org.openqa.selenium.remote.UnreachableBrowserException">
            <message>
              <![CDATA[Could not start a new session. Possible causes are invalid address of the remote server or browser start-up failure.
Build info: version: '3.141.59', revision: 'e82be7d358', time: '2018-11-14T08:17:03'
System info: host: 'LAPTOP-H8ACE30E', ip: '192.168.1.49', os.name: 'Windows 10', os.arch: 'amd64', os.version: '10.0', java.version: '1.8.0_261'
Driver info: driver.version: RemoteWebDriver]]>
            </message>
            <full-stacktrace>
              <![CDATA[org.openqa.selenium.remote.UnreachableBrowserException: Could not start a new session. Possible causes are invalid address of the remote server or browser start-up failure.
Build info: version: '3.141.59', revision: 'e82be7d358', time: '2018-11-14T08:17:03'
System info: host: 'LAPTOP-H8ACE30E', ip: '192.168.1.49', os.name: 'Windows 10', os.arch: 'amd64', os.version: '10.0', java.version: '1.8.0_261'
Driver info: driver.version: RemoteWebDriver
at org.openqa.selenium.remote.RemoteWebDriver.execute(RemoteWebDriver.java:573)
at org.openqa.selenium.remote.RemoteWebDriver.startSession(RemoteWebDriver.java:213)
at org.openqa.selenium.remote.RemoteWebDriver.<init>(RemoteWebDriver.java:131)
at org.openqa.selenium.remote.RemoteWebDriver.<init>(RemoteWebDriver.java:144)
at userDefinedLibraries.DriverSetup.driverInstantiate(DriverSetup.java:56)
at testScenarios.UrbanLadder.driverConfig(UrbanLadder.java:74)
at sun.reflect.NativeMethodAccessorImpl.invoke0(Native Method)
at sun.reflect.NativeMethodAccessorImpl.invoke(Unknown Source)
at sun.reflect.DelegatingMethodAccessorImpl.invoke(Unknown Source)
at java.lang.reflect.Method.invoke(Unknown Source)
at org.testng.internal.MethodInvocationHelper.invokeMethod(MethodInvocationHelper.java:124)
at org.testng.internal.MethodInvocationHelper.invokeMethodConsideringTimeout(MethodInvocationHelper.java:59)
at org.testng.internal.Invoker.invokeConfigurationMethod(Invoker.java:458)
at org.testng.internal.Invoker.invokeConfigurations(Invoker.java:222)
at org.testng.internal.Invoker.invokeConfigurations(Invoker.java:142)
at org.testng.internal.TestMethodWorker.invokeBeforeClassMethods(TestMethodWorker.java:168)
at org.testng.internal.TestMethodWorker.run(TestMethodWorker.java:105)
at org.testng.TestRunner.privateRun(TestRunner.java:648)
at org.testng.TestRunner.run(TestRunner.java:505)
at org.testng.SuiteRunner.runTest(SuiteRunner.java:455)
at org.testng.SuiteRunner.runSequentially(SuiteRunner.java:450)
at org.testng.SuiteRunner.privateRun(SuiteRunner.java:415)
at org.testng.SuiteRunner.run(SuiteRunner.java:364)
at org.testng.SuiteRunnerWorker.runSuite(SuiteRunnerWorker.java:52)
at org.testng.SuiteRunnerWorker.run(SuiteRunnerWorker.java:84)
at org.testng.TestNG.runSuitesSequentially(TestNG.java:1208)
at org.testng.TestNG.runSuitesLocally(TestNG.java:1137)
at org.testng.TestNG.runSuites(TestNG.java:1049)
at org.testng.TestNG.run(TestNG.java:1017)
at org.testng.remote.AbstractRemoteTestNG.run(AbstractRemoteTestNG.java:114)
at org.testng.remote.RemoteTestNG.initAndRun(RemoteTestNG.java:251)
at org.testng.remote.RemoteTestNG.main(RemoteTestNG.java:77)
Caused by: java.net.ConnectException: Failed to connect to /192.168.1.47:5555
at okhttp3.internal.connection.RealConnection.connectSocket(RealConnection.java:247)
at okhttp3.internal.connection.RealConnection.connect(RealConnection.java:165)
at okhttp3.internal.connection.StreamAllocation.findConnection(StreamAllocation.java:257)
at okhttp3.internal.connection.StreamAllocation.findHealthyConnection(StreamAllocation.java:135)
at okhttp3.internal.connection.StreamAllocation.newStream(StreamAllocation.java:114)
at okhttp3.internal.connection.ConnectInterceptor.intercept(ConnectInterceptor.java:42)
at okhttp3.internal.http.RealInterceptorChain.proceed(RealInterceptorChain.java:147)
at okhttp3.internal.http.RealInterceptorChain.proceed(RealInterceptorChain.java:121)
at okhttp3.internal.cache.CacheInterceptor.intercept(CacheInterceptor.java:93)
at okhttp3.internal.http.RealInterceptorChain.proceed(RealInterceptorChain.java:147)
at okhttp3.internal.http.RealInterceptorChain.proceed(RealInterceptorChain.java:121)
at okhttp3.internal.http.BridgeInterceptor.intercept(BridgeInterceptor.java:93)
at okhttp3.internal.http.RealInterceptorChain.proceed(RealInterceptorChain.java:147)
at okhttp3.internal.http.RetryAndFollowUpInterceptor.intercept(RetryAndFollowUpInterceptor.java:126)
at okhttp3.internal.http.RealInterceptorChain.proceed(RealInterceptorChain.java:147)
at okhttp3.internal.http.RealInterceptorChain.proceed(RealInterceptorChain.java:121)
at okhttp3.RealCall.getResponseWithInterceptorChain(RealCall.java:200)
at okhttp3.RealCall.execute(RealCall.java:77)
at org.openqa.selenium.remote.internal.OkHttpClient.execute(OkHttpClient.java:103)
at org.openqa.selenium.remote.ProtocolHandshake.createSession(ProtocolHandshake.java:105)
at org.openqa.selenium.remote.ProtocolHandshake.createSession(ProtocolHandshake.java:74)
at org.openqa.selenium.remote.HttpCommandExecutor.execute(HttpCommandExecutor.java:136)
at org.openqa.selenium.remote.RemoteWebDriver.execute(RemoteWebDriver.java:552)
... 31 more
Caused by: java.net.ConnectException: Connection timed out: connect
at java.net.DualStackPlainSocketImpl.waitForConnect(Native Method)
at java.net.DualStackPlainSocketImpl.socketConnect(Unknown Source)
at java.net.AbstractPlainSocketImpl.doConnect(Unknown Source)
at java.net.AbstractPlainSocketImpl.connectToAddress(Unknown Source)
at java.net.AbstractPlainSocketImpl.connect(Unknown Source)
at java.net.PlainSocketImpl.connect(Unknown Source)
at java.net.SocksSocketImpl.connect(Unknown Source)
at java.net.Socket.connect(Unknown Source)
at okhttp3.internal.platform.Platform.connectSocket(Platform.java:129)
at okhttp3.internal.connection.RealConnection.connectSocket(RealConnection.java:245)
... 53 more
]]>
            </full-stacktrace>
          </exception> <!-- org.openqa.selenium.remote.UnreachableBrowserException -->
          <reporter-output>
          </reporter-output>
        </test-method> <!-- print -->
        <test-method status="SKIP" signature="studyChairSearch()[pri:24, instance:testScenarios.UrbanLadder@49fc609f]" name="studyChairSearch" duration-ms="0" started-at="2020-12-09T16:10:33Z" finished-at="2020-12-09T16:10:33Z">
          <exception class="org.openqa.selenium.remote.UnreachableBrowserException">
            <message>
              <![CDATA[Could not start a new session. Possible causes are invalid address of the remote server or browser start-up failure.
Build info: version: '3.141.59', revision: 'e82be7d358', time: '2018-11-14T08:17:03'
System info: host: 'LAPTOP-H8ACE30E', ip: '192.168.1.49', os.name: 'Windows 10', os.arch: 'amd64', os.version: '10.0', java.version: '1.8.0_261'
Driver info: driver.version: RemoteWebDriver]]>
            </message>
            <full-stacktrace>
              <![CDATA[org.openqa.selenium.remote.UnreachableBrowserException: Could not start a new session. Possible causes are invalid address of the remote server or browser start-up failure.
Build info: version: '3.141.59', revision: 'e82be7d358', time: '2018-11-14T08:17:03'
System info: host: 'LAPTOP-H8ACE30E', ip: '192.168.1.49', os.name: 'Windows 10', os.arch: 'amd64', os.version: '10.0', java.version: '1.8.0_261'
Driver info: driver.version: RemoteWebDriver
at org.openqa.selenium.remote.RemoteWebDriver.execute(RemoteWebDriver.java:573)
at org.openqa.selenium.remote.RemoteWebDriver.startSession(RemoteWebDriver.java:213)
at org.openqa.selenium.remote.RemoteWebDriver.<init>(RemoteWebDriver.java:131)
at org.openqa.selenium.remote.RemoteWebDriver.<init>(RemoteWebDriver.java:144)
at userDefinedLibraries.DriverSetup.driverInstantiate(DriverSetup.java:56)
at testScenarios.UrbanLadder.driverConfig(UrbanLadder.java:74)
at sun.reflect.NativeMethodAccessorImpl.invoke0(Native Method)
at sun.reflect.NativeMethodAccessorImpl.invoke(Unknown Source)
at sun.reflect.DelegatingMethodAccessorImpl.invoke(Unknown Source)
at java.lang.reflect.Method.invoke(Unknown Source)
at org.testng.internal.MethodInvocationHelper.invokeMethod(MethodInvocationHelper.java:124)
at org.testng.internal.MethodInvocationHelper.invokeMethodConsideringTimeout(MethodInvocationHelper.java:59)
at org.testng.internal.Invoker.invokeConfigurationMethod(Invoker.java:458)
at org.testng.internal.Invoker.invokeConfigurations(Invoker.java:222)
at org.testng.internal.Invoker.invokeConfigurations(Invoker.java:142)
at org.testng.internal.TestMethodWorker.invokeBeforeClassMethods(TestMethodWorker.java:168)
at org.testng.internal.TestMethodWorker.run(TestMethodWorker.java:105)
at org.testng.TestRunner.privateRun(TestRunner.java:648)
at org.testng.TestRunner.run(TestRunner.java:505)
at org.testng.SuiteRunner.runTest(SuiteRunner.java:455)
at org.testng.SuiteRunner.runSequentially(SuiteRunner.java:450)
at org.testng.SuiteRunner.privateRun(SuiteRunner.java:415)
at org.testng.SuiteRunner.run(SuiteRunner.java:364)
at org.testng.SuiteRunnerWorker.runSuite(SuiteRunnerWorker.java:52)
at org.testng.SuiteRunnerWorker.run(SuiteRunnerWorker.java:84)
at org.testng.TestNG.runSuitesSequentially(TestNG.java:1208)
at org.testng.TestNG.runSuitesLocally(TestNG.java:1137)
at org.testng.TestNG.runSuites(TestNG.java:1049)
at org.testng.TestNG.run(TestNG.java:1017)
at org.testng.remote.AbstractRemoteTestNG.run(AbstractRemoteTestNG.java:114)
at org.testng.remote.RemoteTestNG.initAndRun(RemoteTestNG.java:251)
at org.testng.remote.RemoteTestNG.main(RemoteTestNG.java:77)
Caused by: java.net.ConnectException: Failed to connect to /192.168.1.47:5555
at okhttp3.internal.connection.RealConnection.connectSocket(RealConnection.java:247)
at okhttp3.internal.connection.RealConnection.connect(RealConnection.java:165)
at okhttp3.internal.connection.StreamAllocation.findConnection(StreamAllocation.java:257)
at okhttp3.internal.connection.StreamAllocation.findHealthyConnection(StreamAllocation.java:135)
at okhttp3.internal.connection.StreamAllocation.newStream(StreamAllocation.java:114)
at okhttp3.internal.connection.ConnectInterceptor.intercept(ConnectInterceptor.java:42)
at okhttp3.internal.http.RealInterceptorChain.proceed(RealInterceptorChain.java:147)
at okhttp3.internal.http.RealInterceptorChain.proceed(RealInterceptorChain.java:121)
at okhttp3.internal.cache.CacheInterceptor.intercept(CacheInterceptor.java:93)
at okhttp3.internal.http.RealInterceptorChain.proceed(RealInterceptorChain.java:147)
at okhttp3.internal.http.RealInterceptorChain.proceed(RealInterceptorChain.java:121)
at okhttp3.internal.http.BridgeInterceptor.intercept(BridgeInterceptor.java:93)
at okhttp3.internal.http.RealInterceptorChain.proceed(RealInterceptorChain.java:147)
at okhttp3.internal.http.RetryAndFollowUpInterceptor.intercept(RetryAndFollowUpInterceptor.java:126)
at okhttp3.internal.http.RealInterceptorChain.proceed(RealInterceptorChain.java:147)
at okhttp3.internal.http.RealInterceptorChain.proceed(RealInterceptorChain.java:121)
at okhttp3.RealCall.getResponseWithInterceptorChain(RealCall.java:200)
at okhttp3.RealCall.execute(RealCall.java:77)
at org.openqa.selenium.remote.internal.OkHttpClient.execute(OkHttpClient.java:103)
at org.openqa.selenium.remote.ProtocolHandshake.createSession(ProtocolHandshake.java:105)
at org.openqa.selenium.remote.ProtocolHandshake.createSession(ProtocolHandshake.java:74)
at org.openqa.selenium.remote.HttpCommandExecutor.execute(HttpCommandExecutor.java:136)
at org.openqa.selenium.remote.RemoteWebDriver.execute(RemoteWebDriver.java:552)
... 31 more
Caused by: java.net.ConnectException: Connection timed out: connect
at java.net.DualStackPlainSocketImpl.waitForConnect(Native Method)
at java.net.DualStackPlainSocketImpl.socketConnect(Unknown Source)
at java.net.AbstractPlainSocketImpl.doConnect(Unknown Source)
at java.net.AbstractPlainSocketImpl.connectToAddress(Unknown Source)
at java.net.AbstractPlainSocketImpl.connect(Unknown Source)
at java.net.PlainSocketImpl.connect(Unknown Source)
at java.net.SocksSocketImpl.connect(Unknown Source)
at java.net.Socket.connect(Unknown Source)
at okhttp3.internal.platform.Platform.connectSocket(Platform.java:129)
at okhttp3.internal.connection.RealConnection.connectSocket(RealConnection.java:245)
... 53 more
]]>
            </full-stacktrace>
          </exception> <!-- org.openqa.selenium.remote.UnreachableBrowserException -->
          <reporter-output>
          </reporter-output>
        </test-method> <!-- studyChairSearch -->
        <test-method status="SKIP" signature="driverExit()[pri:0, instance:testScenarios.UrbanLadder@49fc609f]" name="driverExit" is-config="true" duration-ms="0" started-at="2020-12-09T16:10:33Z" finished-at="2020-12-09T16:10:33Z">
          <reporter-output>
          </reporter-output>
        </test-method> <!-- driverExit -->
      </class> <!-- testScenarios.UrbanLadder -->
    </test> <!-- Regression Test two -->
  </suite> <!-- Functional Testing -->
</testng-results>
