<?xml version="1.0" encoding="UTF-8"?>
<testsuite xmlns:xsi="http://www.w3.org/2001/XMLSchema-instance" xsi:noNamespaceSchemaLocation="https://maven.apache.org/surefire/maven-surefire-plugin/xsd/surefire-test-report.xsd" name="TestSuite" time="419.646" tests="66" errors="0" skipped="0" failures="0">
  <properties>
[...]
</properties>
  <testcase name="operationSearchBar" classname="testScenarios.UrbanLadder" time="11.334"/>
  <testcase name="operationSearchBar" classname="testScenarios.UrbanLadder" time="9.622"/>
  <testcase name="operationSearchBar" classname="testScenarios.UrbanLadder" time="9.012"/>
  <testcase name="operationSearchBar" classname="testScenarios.UrbanLadder" time="11.07"/>
  <testcase name="operationCategoryMenu" classname="testScenarios.UrbanLadder" time="51.635"/>
  <testcase name="operationCategoryMenu" classname="testScenarios.UrbanLadder" time="1.059"/>
  <testcase name="operationCategoryMenu" classname="testScenarios.UrbanLadder" time="0.259"/>
  <testcase name="operationCategoryMenu" classname="testScenarios.UrbanLadder" time="9.552"/>
  <testcase name="operationPriceSelect" classname="testScenarios.UrbanLadder" time="2.343"/>
  <testcase name="operationPriceSelect" classname="testScenarios.UrbanLadder" time="1.945"/>
  <testcase name="operationPriceSelect" classname="testScenarios.UrbanLadder" time="1.884"/>
  <testcase name="operationPriceSelect" classname="testScenarios.UrbanLadder" time="2.166"/>
  <testcase name="operationStorageSelect" classname="testScenarios.UrbanLadder" time="8.161"/>
  <testcase name="operationStorageSelect" classname="testScenarios.UrbanLadder" time="7.68"/>
  <testcase name="operationStorageSelect" classname="testScenarios.UrbanLadder" time="7.213"/>
  <testcase name="operationStorageSelect" classname="testScenarios.UrbanLadder" time="7.276"/>
  <testcase name="print" classname="testScenarios.UrbanLadder" time="12.087"/>
  <testcase name="print" classname="testScenarios.UrbanLadder" time="8.036"/>
  <testcase name="print" classname="testScenarios.UrbanLadder" time="8.35"/>
  <testcase name="print" classname="testScenarios.UrbanLadder" time="8.03"/>
  <testcase name="testCaseReadExl" classname="testScenarios.UrbanLadder" time="0.182"/>
  <testcase name="testCaseReadExl" classname="testScenarios.UrbanLadder" time="0.062"/>
  <testcase name="operationSearch" classname="testScenarios.UrbanLadder" time="9.51"/>
  <testcase name="operationSearch" classname="testScenarios.UrbanLadder" time="8.671"/>
  <testcase name="operationCategory" classname="testScenarios.UrbanLadder" time="5.937"/>
  <testcase name="operationCategory" classname="testScenarios.UrbanLadder" time="2.134"/>
  <testcase name="operationPrice" classname="testScenarios.UrbanLadder" time="7.803"/>
  <testcase name="operationPrice" classname="testScenarios.UrbanLadder" time="7.344"/>
  <testcase name="operationStorage" classname="testScenarios.UrbanLadder" time="5.718"/>
  <testcase name="operationStorage" classname="testScenarios.UrbanLadder" time="6.419"/>
  <testcase name="operationstock" classname="testScenarios.UrbanLadder" time="8.853"/>
  <testcase name="operationstock" classname="testScenarios.UrbanLadder" time="8.754"/>
  <testcase name="toExcelWrite" classname="testScenarios.UrbanLadder" time="0.39"/>
  <testcase name="toExcelWrite" classname="testScenarios.UrbanLadder" time="0.377"/>
  <testcase name="getBeingAtHomeCollections" classname="testScenarios.UrbanLadder" time="4.655"/>
  <testcase name="getBeingAtHomeCollections" classname="testScenarios.UrbanLadder" time="3.852"/>
  <testcase name="testcase_clickGiftCards" classname="testScenarios.UrbanLadder" time="7.355"/>
  <testcase name="testcase_clickGiftCards" classname="testScenarios.UrbanLadder" time="7.203"/>
  <testcase name="testcase_selectGiftCards" classname="testScenarios.UrbanLadder" time="1.483"/>
  <testcase name="testcase_selectGiftCards" classname="testScenarios.UrbanLadder" time="1.158"/>
  <testcase name="testcase_customiseGiftCard" classname="testScenarios.UrbanLadder" time="0.72"/>
  <testcase name="testcase_customiseGiftCard" classname="testScenarios.UrbanLadder" time="0.568"/>
  <testcase name="testcase_FillDetails" classname="testScenarios.UrbanLadder" time="5.258"/>
  <testcase name="testcase_FillDetails" classname="testScenarios.UrbanLadder" time="5.409"/>
  <testcase name="errorMessage" classname="testScenarios.UrbanLadder" time="0.928"/>
  <testcase name="errorMessage" classname="testScenarios.UrbanLadder" time="0.945"/>
  <testcase name="write_ErrorMessage" classname="testScenarios.UrbanLadder" time="0.099"/>
  <testcase name="write_ErrorMessage" classname="testScenarios.UrbanLadder" time="0.082"/>
  <testcase name="ScreenShot" classname="testScenarios.UrbanLadder" time="0.818"/>
  <testcase name="ScreenShot" classname="testScenarios.UrbanLadder" time="0.816"/>
  <testcase name="testcase_readExcelDataValid" classname="testScenarios.UrbanLadder" time="0.07"/>
  <testcase name="testcase_readExcelDataValid" classname="testScenarios.UrbanLadder" time="0.048"/>
  <testcase name="testcase_FillValidDetails" classname="testScenarios.UrbanLadder" time="1.355"/>
  <testcase name="testcase_FillValidDetails" classname="testScenarios.UrbanLadder" time="1.276"/>
  <testcase name="proceedToPayment" classname="testScenarios.UrbanLadder" time="9.177"/>
  <testcase name="proceedToPayment" classname="testScenarios.UrbanLadder" time="9.102"/>
  <testcase name="studyChairSearch" classname="testScenarios.UrbanLadder" time="3.349"/>
  <testcase name="studyChairSearch" classname="testScenarios.UrbanLadder" time="12.428"/>
  <testcase name="studyChairSearch" classname="testScenarios.UrbanLadder" time="2.532"/>
  <testcase name="studyChairSearch" classname="testScenarios.UrbanLadder" time="3.919"/>
  <testcase name="operationSortBy" classname="testScenarios.UrbanLadder" time="0.561"/>
  <testcase name="operationSortBy" classname="testScenarios.UrbanLadder" time="0.515"/>
  <testcase name="operationSortBy" classname="testScenarios.UrbanLadder" time="0.509"/>
  <testcase name="StudyChairprint" classname="testScenarios.UrbanLadder" time="8.043"/>
  <testcase name="StudyChairprint" classname="testScenarios.UrbanLadder" time="8.183"/>
  <testcase name="StudyChairprint" classname="testScenarios.UrbanLadder" time="8.327"/>
</testsuite>